TTCGCGGCTCCCGCAGCAG
TTCGCGGCTCCCGCAGCAG
TTCGCGGCTCCCGCAGCAG
TTCGCGGCTCCCGCAGCAG
TTCGCGGCTCCCGCAGCAG
TTCGCGGCTCCCGCAGCAG
TTCGCGGCTCCCGCAGCAG
TTCGCGGCTCCCGCAGCAG
TTCGCGGCTCCCGCAGCAG
TTCGCGGCTCCCGCAGCAG
TTCGCGGCTCCCGCAGCAG
TTCGCGGCTCCCGCAGCAG
TTCGCGGCTCCCGCAGCAG
TTCGCGGCTCCCGCAGCAG
TTCGCGGCTCCCGCAGCAG
TTCGCGGCTCCCGCAGCAG
TTCGCGGCTCCCGCAGCAG
TTCGCGGCTCCCGCAGCAG
TTCGCGGCTCCCGCAGCAG
TTCGCGGCTCCCGCAGCAG
TTCGCGGCTCCCGCAGCAG
TTCGCGGCTCCCGCAGCAG
TTCGCGGCTCCCGCAGCAG
TTCGCGGCTCCCGCAGCAG
TTCGCGGCTCCCGCAGCAG
TTCGCGGCTCCCGCAGCAG
CAGCAGCAGCAGCAGTAG
CAGCAGCAGCAGCAGTAG
GTGAGGTGGTCCAGGTGG
GTGAGGTGGTCCAGGTGG
CAGCAGCAGCAGCAGTAG
CAGCAGCAGCAGCAGTAG
GTGAGGTGGTCCAGGTGG
CAGCAGCAGCAGCAGTAG
CAGCAGCAGCAGCAGTAG
CAGCAGCAGCAGCAGTAG
GTGAGGTGGTCCAGGTGG
GTGAGGTGGTCCAGGTGG
GTGAGGTGGTCCAGGTGG
GTGAGGTGGTCCAGGTGG
AGCTCCTCCAGCTCGAG
AGCTCCTCCAGCTCGAG
AGCTCCTCCAGCTCGAG
TAATGGAGCGACAGGGA
TAATGGAGCGACAGGGA
TAATGGAGCGACAGGGA
GTCCTGCTGGCCGCCAT
AGCTCCTCCAGCTCGAG
AGCTCCTCCAGCTCGAG
AGCTCCTCCAGCTCGAG
CGGAGCTGGAGATGGAG
CGGAGCTGGAGATGGAG
GGCAACAGCAACAACAG
GGCAACAGCAACAACAG
GGCAACAGCAACAACAG
CCCGCAGCAGCAGCAGC
GCCGCAGCAGCAGCAGC
CCCGCAGCAGCAGCAGC
GCCGCAGCAGCAGCAGC
CCCGCAGCAGCAGCAGC
GCCGCAGCAGCAGCAGC
CCCGCAGCAGCAGCAGC
GCCGCAGCAGCAGCAGC
TCCTCAGCAGCAGCAGC
TCCTCAGCAGCAGCAGC
ATAAATTTCTTTTATTT
TAATGGAGCGACAGGGA
TAATGGAGCGACAGGGA
TAATGGAGCGACAGGGA
CGGAGCTGGAGATGGAG
CGGAGCTGGAGATGGAG
AGCTCCTCCAGCTCGAG
AGCTCCTCCAGCTCGAG
AGCTCCTCCAGCTCGAG
AGGAGCAGCAGGAACAG
AGGAGCAGCAGGAACAG
GGCAAAGGCAACAACAA
GGCAAAGGCAACAACAA
TAATGGAGCGACAGGGA
TAATGGAGCGACAGGGA
TAATGGAGCGACAGGGA
CGGAGCTGGAGATGGAG
CGGAGCTGGAGATGGAG
AGGAGCAGCAGGAACAG
AGGAGCAGCAGGAACAG
GTCCTGCTGGCCGCCAT
ATAAATTTCTTTTATTT
GGCAAAGGCAACAACAA
GGCAAAGGCAACAACAA
CCCGCAGCAGCAGCAGC
GCCGCAGCAGCAGCAGC
CCCGCAGCAGCAGCAGC
GCCGCAGCAGCAGCAGC
GCCGCAGCAGCAGCAGC
GCCGCAGCAGCAGCAGC
TCCAGAAGGACGACGAC
TCCAGAAGGACGACGAC
TCCAGAAGGACGACGAC
GGCAAAGGCAACAACAA
GGCAAAGGCAACAACAA
TAATGGAGCGACAGGGA
TAATGGAGCGACAGGGA
TAATGGAGCGACAGGGA
GTCCTGCTGGCCGCCAT
CGGAGCTGGAGATGGAG
CGGAGCTGGAGATGGAG
GGCAACAGCAACAACAG
GGCAACAGCAACAACAG
GGCAACAGCAACAACAG
GGCAACAGCAACAACAG
GGCAACAGCAACAACAG
GGCAACAGCAACAACAG
GGCAACAGCAACAACAG
GGCAACAGCAACAACAG
GGCAACAGCAACAACAG
GGCAACAGCAACAACAG
GGCAACAGCAACAACAG
GGCAACAGCAACAACAG
GGCAACAGCAACAACAG
GGCAACAGCAACAACAG
GGCAACAGCAACAACAG
GGCAACAGCAACAACAG
AGCTCCTCCAGCTCGAG
AGCTCCTCCAGCTCGAG
AGCTCCTCCAGCTCGAG
CCCGCAGCAGCAGCAGC
GCCGCAGCAGCAGCAGC
CCCGCAGCAGCAGCAGC
GCCGCAGCAGCAGCAGC
TCCTCAGCAGCAGCAGC
CCCGCAGCAGCAGCAGC
GCCGCAGCAGCAGCAGC
CCCGCAGCAGCAGCAGC
GCCGCAGCAGCAGCAGC
TCCTCAGCAGCAGCAGC
TAATGGAGCGACAGGGA
TAATGGAGCGACAGGGA
TAATGGAGCGACAGGGA
GGCAACAGCAACAACAG
GGCAACAGCAACAACAG
GGCAACAGCAACAACAG
GGCAACAGCAACAACAG
GGCAACAGCAACAACAG
GGCAACAGCAACAACAG
GGCAACAGCAACAACAG
ATAAATTTCTTTTATTT
AGGAGCAGCAGGAACAG
AGGAGCAGCAGGAACAG
GGCAAAGGCAACAACAA
GGCAAAGGCAACAACAA
TCCAGAAGGACGACGAC
TCCAGAAGGACGACGAC
AGGAGCAGCAGGAACAG
AGGAGCAGCAGGAACAG
AGGAGCAGCAGGAACAG
AGGAGCAGCAGGAACAG
GTCCTGCTGGCCGCCAT
CGGAGCTGGAGATGGAG
CGGAGCTGGAGATGGAG
CGGAGCTGGAGATGGAG
CGGAGCTGGAGATGGAG
AGCTCCTCCAGCTCGAG
AGCTCCTCCAGCTCGAG
AGCTCCTCCAGCTCGAG
TCCAGAAGGACGACGAC
TCCAGAAGGACGACGAC
GGCAAAGGCAACAACAA
GGCAAAGGCAACAACAA
AGCTCCTCCAGCTCGAG
AGCTCCTCCAGCTCGAG
AGCTCCTCCAGCTCGAG
AGGAGCAGCAGGAACAG
AGGAGCAGCAGGAACAG
GGCAACAGCAACAACAG
GGCAACAGCAACAACAG
GGCAACAGCAACAACAG
TAATGGAGCGACAGGGA
TAATGGAGCGACAGGGA
TAATGGAGCGACAGGGA
TCCTCAGCAGCAGCAGC
TCCTCAGCAGCAGCAGC
TCCTCAGCAGCAGCAGC
TCCAGAAGGACGACGAC
TCCAGAAGGACGACGAC
TCCAGAAGGACGACGAC
TCCAGAAGGACGACGAC
ATAAATTTCTTTTATTT
GGCAAAGGCAACAACAA
GGCAAAGGCAACAACAA
GTCCTGCTGGCCGCCAT
ATAAATTTCTTTTATTT
CCCGCAGCAGCAGCAGC
GCCGCAGCAGCAGCAGC
CCCGCAGCAGCAGCAGC
GCCGCAGCAGCAGCAGC
ATAAATTTCTTTTATTT
TCCAGAAGGACGACGAC
TCCAGAAGGACGACGAC
GTCCTGCTGGCCGCCAT
TCCTCAGCAGCAGCAGC
CGTCCTCGGCATTGCC
CGTCCTCGGCATTGCC
CGTCCTCGGCATTGCC
CCGGAATTTCAATATA
ACTTTTGGACAATAAT
ACTTTTGGACAATAAT
ACTTTTGGACAATAAT
AGCATGATTACTTTTT
AGCATGATTACTTTTT
AGCATGATTACTTTTT
AGCATGATTACTTTTT
AGCATGATTACTTTTT
ATGCGCAGCCATGGCA
ATGCGCAGCCATGGCA
TCACAAGTCTCAGCCT
TACATAGCAAGCTGAA
TTTTTGTTTTGCTTAC
CTTCGGAGGAACGGAG
TTTGTTAGGTACAAAT
CGTCCTCGGCATTGCC
CGTCCTCGGCATTGCC
CGTCCTCGGCATTGCC
CTAATGAATAAGTTTA
CTAATGAATAAGTTTA
GCACATTTGCCAAAAG
GCACATTTGCCAAAAG
TACATAGCAAGCTGAA
TCACAAGTCTCAGCCT
TTTTTGTTTTGCTTAC
GCAGCAGCAGCAGCTC
GCAGCAGCAGCAGCTC
TAGCAGCAGCAGCAGC
CAGCAGCAGCAGCAGC
CAGCAGCAGCAGCAGC
CAGCAGCAGCAGCAGC
CAGCAGCAGCAGCAGC
TAGCAGCAGCAGCAGC
CAGCAGCAGCAGCAGC
CAGCAGCAGCAGCAGC
CAGCAGCAGCAGCAGC
CAGCAGCAGCAGCAGC
GCAGCAGCAGCAGCTC
GAGTTCCAGTAGCAGC
GAGTTCCAGTAGCAGC
GAGTTCCAGTAGCAGC
ACTTTTGGACAATAAT
ACTTTTGGACAATAAT
ACTTTTGGACAATAAT
AAACACTTAAATTGCA
CGTCCTCGGCATTGCC
CGTCCTCGGCATTGCC
CGTCCTCGGCATTGCC
CCCCAAGGACGAGGAG
GTGGCTCCTCCTCCAG
TTTTGGGTTTCAATTT
TTTTGGGTTTCAATTT
AGCATGATTACTTTTT
AGCATGATTACTTTTT
AGCATGATTACTTTTT
AGTCAGCCAGCTAATG
AGTCAGCCAGCTAATG
TGAAGCAGCCATGTGT
TGAAGCAGCCATGTGT
TGAAGCAGCCATGTGT
TCACAAGTCTCAGCCT
ACTTTTGGACAATAAT
ACTTTTGGACAATAAT
ACTTTTGGACAATAAT
GGAGGAGGAGCTGCAG
GGAGGAGGAGCTGCAG
AGTCAGCCAGCTAATG
CAGGTGGTCCAGGTGG
TTTTTGTTTTGCTTAC
GCAGCAGCAGCAGCTC
GCAGCAGCAGCAGCTC
GCAGCAGCAGCAGCTC
GCAGCAGCAGCAGCTC
GCAGCAGCAGCAGCTC
GCAGCAGCAGCAGCTC
GCAGCAGCAGCAGCTC
GCAGCAGCAGCAGCTC
GCAGCAGCAGCAGCTC
ACTTTAAAAACACATT
GTGGCTCCTCCTCCAG
ACTTTAAAAACACATT
TTTGTTAGGTACAAAT
AATGCAAGTCCTGGCG
AATGCAAGTCCTGGCG
AATGCAAGTCCTGGCG
GCACATTTGCCAAAAG
GCACATTTGCCAAAAG
CAGGTGGTCCAGGTGG
AATGCAAGTCCTGGCG
AATGCAAGTCCTGGCG
AATGCAAGTCCTGGCG
CTTCGGAGGAACGGAG
GAGTTCCAGTAGCAGC
GAGTTCCAGTAGCAGC
GAGTTCCAGTAGCAGC
ACTTTAAAAACACATT
AGCATGATTACTTTTT
AGCATGATTACTTTTT
AGCATGATTACTTTTT
TACATAGCAAGCTGAA
AAAGAAAAACAATTGC
AAAGAAAAACAATTGC
AAAGAAAAACAATTGC
TGAAGCAGCCATGTGT
ACTTTTGGACAATAAT
ACTTTTGGACAATAAT
ACTTTTGGACAATAAT
CCGGAATTTCAATATA
CCGGAATTTCAATATA
GGAGGAGGAGCTGCAG
GGAGGAGGAGCTGCAG
AATGCAAGTCCTGGCG
AATGCAAGTCCTGGCG
AATGCAAGTCCTGGCG
AATGCAAGTCCTGGCG
AATGCAAGTCCTGGCG
AATGCAAGTCCTGGCG
GTGGCTCCTCCTCCAG
ACTTTTGGACAATAAT
ACTTTTGGACAATAAT
ACTTTTGGACAATAAT
TTTTGGGTTTCAATTT
TTTTGGGTTTCAATTT
CCCCAAGGACGAGGAG
GGAGGAGGAGCTGCAG
GGAGGAGGAGCTGCAG
CTAATGAATAAGTTTA
CTAATGAATAAGTTTA
ATGCGCAGCCATGGCA
ATGCGCAGCCATGGCA
GCAGCAGCAGCAGCTC
GCAGCAGCAGCAGCTC
TAGCAGCAGCAGCAGC
CAGCAGCAGCAGCAGC
CAGCAGCAGCAGCAGC
CAGCAGCAGCAGCAGC
CAGCAGCAGCAGCAGC
GCAGCAGCAGCAGCTC
GCAGCAGCAGCAGCTC
GCAGCAGCAGCAGCTC
GCAGCAGCAGCAGCTC
GCAGCAGCAGCAGCTC
GCAGCAGCAGCAGCTC
GCAGCAGCAGCAGCTC
GCAGCAGCAGCAGCTC
GCAGCAGCAGCAGCTC
GCAGCAGCAGCAGCTC
GCAGCAGCAGCAGCTC
GCAGCAGCAGCAGCTC
GCAGCAGCAGCAGCTC
GCAGCAGCAGCAGCTC
GCAGCAGCAGCAGCTC
GCAGCAGCAGCAGCTC
AAACACTTAAATTGCA
CAGGTGGTCCAGGTGG
GCAGCAGCAGCAGCTC
GCAGCAGCAGCAGCTC
TAGCAGCAGCAGCAGC
CAGCAGCAGCAGCAGC
CAGCAGCAGCAGCAGC
CAGCAGCAGCAGCAGC
CAGCAGCAGCAGCAGC
TAGCAGCAGCAGCAGC
CAGCAGCAGCAGCAGC
CAGCAGCAGCAGCAGC
CAGCAGCAGCAGCAGC
CAGCAGCAGCAGCAGC
GCAGCAGCAGCAGCTC
CTAATGAATAAGTTTA
CTAATGAATAAGTTTA
CTAATGAATAAGTTTA
CTAATGAATAAGTTTA
TTTTTGTTTTGCTTAC
TTTTTGTTTTGCTTAC
TTTTTGTTTTGCTTAC
TTTTTGTTTTGCTTAC
TTTTTGTTTTGCTTAC
CCCCAAGGACGAGGAG
AAACACTTAAATTGCA
AAACACTTAAATTGCA
AGTCAGCCAGCTAATG
AAAGAAAAACAATTGC
AAAGAAAAACAATTGC
AAAGAAAAACAATTGC
GCACATTTGCCAAAAG
GCACATTTGCCAAAAG
GCACATTTGCCAAAAG
GCACATTTGCCAAAAG
ACTTTAAAAACACATT
ACTTTAAAAACACATT
AAAGAAAAACAATTGC
AAAGAAAAACAATTGC
AAAGAAAAACAATTGC
ATGCGCAGCCATGGCA
ATGCGCAGCCATGGCA
GGAGGAGGAGCTGCAG
GGAGGAGGAGCTGCAG
CTTCGGAGGAACGGAG
AATGCAAGTCCTGGCG
AATGCAAGTCCTGGCG
AATGCAAGTCCTGGCG
ATGCGCAGCCATGGCA
ATGCGCAGCCATGGCA
CTAATGAATAAGTTTA
CTAATGAATAAGTTTA
GAGTTCCAGTAGCAGC
GAGTTCCAGTAGCAGC
GAGTTCCAGTAGCAGC
AGCATGATTACTTTTT
AGCATGATTACTTTTT
AGCATGATTACTTTTT
CTTCGGAGGAACGGAG
TGAAGCAGCCATGTGT
TCACAAGTCTCAGCCT
GAGTTCCAGTAGCAGC
GAGTTCCAGTAGCAGC
GAGTTCCAGTAGCAGC
TACATAGCAAGCTGAA
TTTGTTAGGTACAAAT
AAAGAAAAACAATTGC
AAAGAAAAACAATTGC
AAAGAAAAACAATTGC
CGTCCTCGGCATTGCC
CGTCCTCGGCATTGCC
CGTCCTCGGCATTGCC
AAACACTTAAATTGCA
AAAGAAAAACAATTGC
AAAGAAAAACAATTGC
AAAGAAAAACAATTGC
TTTTGGGTTTCAATTT
TTTTGGGTTTCAATTT
TACATAGCAAGCTGAA
AGCATGATTACTTTTT
AGCATGATTACTTTTT
AGCATGATTACTTTTT
CAGGTGGTCCAGGTGG
CAGGTGGTCCAGGTGG
TCACAAGTCTCAGCCT
GGAGGAGGAGCTGCAG
GGAGGAGGAGCTGCAG
TTTTTGTTTTGCTTAC
TTTGTTAGGTACAAAT
CCGGAATTTCAATATA
TGAAGCAGCCATGTGT
TTTTGGGTTTCAATTT
TTTTGGGTTTCAATTT
GTGGCTCCTCCTCCAG
GCACATTTGCCAAAAG
GCACATTTGCCAAAAG
AATGCAAGTCCTGGCG
AATGCAAGTCCTGGCG
AATGCAAGTCCTGGCG
CTAATGAATAAGTTTA
CTAATGAATAAGTTTA
CCGGAATTTCAATATA
CCCCAAGGACGAGGAG
ATGCGCAGCCATGGCA
ATGCGCAGCCATGGCA
GTGGCTCCTCCTCCAG
ACTTTAAAAACACATT
AGTCAGCCAGCTAATG
TTTGTTAGGTACAAAT
CGTCCTCGGCATTGCC
CGTCCTCGGCATTGCC
CGTCCTCGGCATTGCC
GAGTTCCAGTAGCAGC
GAGTTCCAGTAGCAGC
GAGTTCCAGTAGCAGC
TGAAGCAGCCATGTGT
CCCCAAGGACGAGGAG
TTTTGGGTTTCAATTT
TTTTGGGTTTCAATTT
TTTTGGGTTTCAATTT
TTTTGGGTTTCAATTT
CTTCGGAGGAACGGAG
CTTCGGAGGAACGGAG
CTTCGGAGGAACGGAG
ATTAGATATTTATTT
CGGACCAAGTTCAAA
CGGACCAAGTTCAAA
CGGACCAAGTTCAAA
TGCCAGCGGCGCCAT
CTTATATTTCCATGC
ACCGTGTTTAACACG
ACCGTGTTTAACACG
ACCGTGTTTAACACG
GAAAATTGCATTTAA
TCCTGCCACTCCTGC
TCCTGCCACTCCTGC
TAATCTGTGCACACC
TCCTGCCACTCCTGC
TAATCTGTGCACACC
CCAAGTGGAAAGGCA
CACCACACCCACAGC
CACCACACCCACAGC
CACCACACCCACAGC
GAAAATCAAATTAAT
TAAAAATATATTAAA
TAAAAATATATTAAA
TAAAAATATATTAAA
TAAAAATATATTAAA
TAAAAATATATTAAA
TAAAAATATATTAAA
TGTTGGCCATTAATT
TGTTGGCCATTAATT
TGTTGGCCATTAATT
CGGACCAAGTTCAAA
CGGACCAAGTTCAAA
CGGACCAAGTTCAAA
ACCGTGTTTAACACG
ACCGTGTTTAACACG
ACCGTGTTTAACACG
ACCGTGTTTAACACG
ACCGTGTTTAACACG
GGAAAAGGAGCAGCG
GGAAAAGGAGCAGCG
GAAATTGATTTTCTG
GCGAAAAACAAGTAA
ATATATATTGTATAT
ATATATATTGTATAT
ATATATATTGTATAT
GGCAGCAACAACAAA
GGCAGCAACAACAAA
GGCAGCAACAACAAA
GGCAGCAACAACAAA
CTGGCAGCAACAACA
CTGGCAGCAACAACA
AGTTTTCCAAACCAA
ATTTAAGTACTGCAT
ATATATATTGTATAT
ATATATATTGTATAT
ATATATATTGTATAT
AGCCCAGCTCAATGG
AGCCCAGCTCAATGG
GGGGCAACATGGAAA
TGCCAGCGGCGCCAT
TGCTCGTCCGGCAGC
TGCTCGTCCGGCAGC
GACTGCCGCAGCAGC
GACTGCCGCAGCAGC
GAAATGGTACTGCAG
CCAACATCGATATCG
CCAACATCGATATCG
ACAGAAGGTACATTA
GCAGCAGCAGCAGCT
CTCAGCAGCAGCAGC
AGCAGCAGCAGCAGC
AGCAGCAGCAGCAGC
AGCAGCAGCAGCAGC
AGCAGCAGCAGCAGC
AGCAGCAGCAGCAGC
AGCAGCAGCAGCAGC
AGCAGCAGCAGCAGC
AGCAGCAGCAGCAGC
AGCAGCAGCAGCAGC
AGCAGCAGCAGCAGC
GCAGCAGCAGCAGCT
CTCAGCAGCAGCAGC
AGCAGCAGCAGCAGC
AGCAGCAGCAGCAGC
AGCAGCAGCAGCAGC
AGCAGCAGCAGCAGC
AGCAGCAGCAGCAGC
AGCAGCAGCAGCAGC
AGCAGCAGCAGCAGC
AGCAGCAGCAGCAGC
AGCAGCAGCAGCAGC
AGCAGCAGCAGCAGC
AGCAGCAGCAGCAGC
AGCAGCAGCAGCAGC
AGCAGCAGCAGCAGC
AGCAGCAGCAGCAGC
AGCAGCAGCAGCAGC
AGCAGCAGCAGCAGC
AGCAGCAGCAGCAGC
AGCAGCAGCAGCAGC
AGCAGCAGCAGCAGC
AGCAGCAGCAGCAGC
AGCAGCAGCAGCAGC
AGCAGCAGCAGCAGC
AGCAGCAGCAGCAGC
AGCAGCAGCAGCAGC
AGCAGCAGCAGCAGC
AGCAGCAGCAGCAGC
AGCAGCAGCAGCAGC
AGCAGCAGCAGCAGC
AGCAGCAGCAGCAGC
AGCAGCAGCAGCAGC
AGCAGCAGCAGCAGC
AGCAGCAGCAGCAGC
AGCAGCAGCAGCTGC
AGCAGCAGCAGCTGC
AGCAGCAGCAGCTGC
TAGCAGCAGCAGCAG
CAGCAGCAGCAGCAG
CAGCAGCAGCAGCAG
CAGCAGCAGCAGCAG
CAGCAGCAGCAGCAG
CGCAGCAGCAGCAGC
CAGCAGCAGCAGCAG
CGCAGCAGCAGCAGC
CGCAGCAGCAGCAGC
CGCAGCAGCAGCAGC
GCAGCAGCAGCAGCT
ATTTTTAATTGCTTC
GAAAATCAAATTAAT
ACCAAATCTGGCGGG
ACCAAATCTGGCGGG
CGAAGTGGAGTGGAG
GAGTGGAGTGGAGCG
CGGCCATCAGCACAA
CGGCCATCAGCACAA
CAAAATCCTTTGAGC
CAAAATCCTTTGAGC
CAAAATCCTTTGAGC
CAAAATCCTTTGAGC
CAAAATCCTTTGAGC
CAAAATCCTTTGAGC
CAAAATCCTTTGAGC
CAAAATCCTTTGAGC
CAAAATCCTTTGAGC
CAAAATCCTTTGAGC
CAAAATCCTTTGAGC
CAAAATCCTTTGAGC
CAAAATCCTTTGAGC
CAAAATCCTTTGAGC
CAAAATCCTTTGAGC
CAAAATCCTTTGAGC
CAAAATCCTTTGAGC
CAAAATCCTTTGAGC
CAAAATCCTTTGAGC
CAAAATCCTTTGAGC
CAAAATCCTTTGAGC
CAAAATCCTTTGAGC
CAAAATCCTTTGAGC
CAAAATCCTTTGAGC
CAAAATCCTTTGAGC
CAAAATCCTTTGAGC
CAAAATCCTTTGAGC
CAAAATCCTTTGAGC
CAAAATCCTTTGAGC
CAAAATCCTTTGAGC
CAAAATCCTTTGAGC
CAAAATCCTTTGAGC
CAAAATCCTTTGAGC
CAAAATCCTTTGAGC
CAAAATCCTTTGAGC
CAAAATCCTTTGAGC
CAAAATCCTTTGAGC
CAAAATCCTTTGAGC
CAAAATCCTTTGAGC
CAAAATCCTTTGAGC
CAAAATCCTTTGAGC
CAAAATCCTTTGAGC
CAAAATCCTTTGAGC
CAAAATCCTTTGAGC
CAAAATCCTTTGAGC
CAAAATCCTTTGAGC
CAAAATCCTTTGAGC
CAAAATCCTTTGAGC
CAAAATCCTTTGAGC
CAAAATCCTTTGAGC
CAAAATCCTTTGAGC
CAAAATCCTTTGAGC
CAAAATCCTTTGAGC
CAAAATCCTTTGAGC
CAAAATCCTTTGAGC
CAAAATCCTTTGAGC
CAAAATCCTTTGAGC
CAAAATCCTTTGAGC
CAAAATCCTTTGAGC
CAAAATCCTTTGAGC
CAAAATCCTTTGAGC
CAAAATCCTTTGAGC
CAAAATCCTTTGAGC
CAAAATCCTTTGAGC
CAAAATCCTTTGAGC
CAAAATCCTTTGAGC
CAAAATCCTTTGAGC
CAAAATCCTTTGAGC
CAAAATCCTTTGAGC
CAAAATCCTTTGAGC
CAAAATCCTTTGAGC
CAAAATCCTTTGAGC
CAAAATCCTTTGAGC
CAAAATCCTTTGAGC
CAAAATCCTTTGAGC
CAAAATCCTTTGAGC
CAAAATCCTTTGAGC
CAAAATCCTTTGAGC
CAAAATCCTTTGAGC
CAAAATCCTTTGAGC
CAAAATCCTTTGAGC
CAAAATCCTTTGAGC
CAAAATCCTTTGAGC
CAAAATCCTTTGAGC
CAAAATCCTTTGAGC
CAAAATCCTTTGAGC
CAAAATCCTTTGAGC
CAAAATCCTTTGAGC
CAAAATCCTTTGAGC
CAAAATCCTTTGAGC
CAAAATCCTTTGAGC
CAAAATCCTTTGAGC
CAAAATCCTTTGAGC
CAAAATCCTTTGAGC
CAAAATCCTTTGAGC
CAAAATCCTTTGAGC
CAAAATCCTTTGAGC
CAAAATCCTTTGAGC
CAAAATCCTTTGAGC
CAAAATCCTTTGAGC
CAAAATCCTTTGAGC
CAAAATCCTTTGAGC
CAAAATCCTTTGAGC
CAAAATCCTTTGAGC
CAAAATCCTTTGAGC
CAAAATCCTTTGAGC
CAAAATCCTTTGAGC
CAAAATCCTTTGAGC
CAAAATCCTTTGAGC
CAAAATCCTTTGAGC
CAAAATCCTTTGAGC
CAAAATCCTTTGAGC
CAAAATCCTTTGAGC
CAAAATCCTTTGAGC
CAAAATCCTTTGAGC
CAAAATCCTTTGAGC
CAAAATCCTTTGAGC
CAAAATCCTTTGAGC
CAAAATCCTTTGAGC
CAAAATCCTTTGAGC
CAAAATCCTTTGAGC
CAAAATCCTTTGAGC
CAAAATCCTTTGAGC
CAAAATCCTTTGAGC
CAAAATCCTTTGAGC
CAAAATCCTTTGAGC
CAAAATCCTTTGAGC
CAAAATCCTTTGAGC
CAAAATCCTTTGAGC
CAAAATCCTTTGAGC
CAAAATCCTTTGAGC
CAAAATCCTTTGAGC
CAAAATCCTTTGAGC
CAAAATCCTTTGAGC
CAAAATCCTTTGAGC
CAAAATCCTTTGAGC
CAAAATCCTTTGAGC
CAAAATCCTTTGAGC
CAAAATCCTTTGAGC
CAAAATCCTTTGAGC
CAAAATCCTTTGAGC
CAAAATCCTTTGAGC
CAAAATCCTTTGAGC
CAAAATCCTTTGAGC
CAAAATCCTTTGAGC
CAAAATCCTTTGAGC
CAAAATCCTTTGAGC
CAAAATCCTTTGAGC
CAAAATCCTTTGAGC
CAAAATCCTTTGAGC
CAAAATCCTTTGAGC
CAAAATCCTTTGAGC
CAAAATCCTTTGAGC
CAAAATCCTTTGAGC
CAAAATCCTTTGAGC
CAAAATCCTTTGAGC
CAAAATCCTTTGAGC
CAAAATCCTTTGAGC
CAAAATCCTTTGAGC
CAAAATCCTTTGAGC
CAAAATCCTTTGAGC
CAAAATCCTTTGAGC
CAAAATCCTTTGAGC
CAAAATCCTTTGAGC
CAAAATCCTTTGAGC
CAAAATCCTTTGAGC
CAAAATCCTTTGAGC
CAAAATCCTTTGAGC
CAAAATCCTTTGAGC
CAAAATCCTTTGAGC
CAAAATCCTTTGAGC
CAAAATCCTTTGAGC
CAAAATCCTTTGAGC
CAAAATCCTTTGAGC
CAAAATCCTTTGAGC
CAAAATCCTTTGAGC
CAAAATCCTTTGAGC
CAAAATCCTTTGAGC
CAAAATCCTTTGAGC
CAAAATCCTTTGAGC
CAAAATCCTTTGAGC
CAAAATCCTTTGAGC
CAAAATCCTTTGAGC
CAAAATCCTTTGAGC
CAAAATCCTTTGAGC
CAAAATCCTTTGAGC
CAAAATCCTTTGAGC
CAAAATCCTTTGAGC
CAAAATCCTTTGAGC
CAAAATCCTTTGAGC
CAAAATCCTTTGAGC
CAAAATCCTTTGAGC
CAAAATCCTTTGAGC
CAAAATCCTTTGAGC
CAAAATCCTTTGAGC
CAAAATCCTTTGAGC
CAAAATCCTTTGAGC
CAAAATCCTTTGAGC
CAAAATCCTTTGAGC
CAAAATCCTTTGAGC
CAAAATCCTTTGAGC
CAAAATCCTTTGAGC
CAAAATCCTTTGAGC
CAAAATCCTTTGAGC
CAAAATCCTTTGAGC
CAAAATCCTTTGAGC
CAAAATCCTTTGAGC
CAAAATCCTTTGAGC
CAAAATCCTTTGAGC
CAAAATCCTTTGAGC
CAAAATCCTTTGAGC
CAAAATCCTTTGAGC
CAAAATCCTTTGAGC
CAAAATCCTTTGAGC
CAAAATCCTTTGAGC
CAAAATCCTTTGAGC
CAAAATCCTTTGAGC
CAAAATCCTTTGAGC
CAAAATCCTTTGAGC
CAAAATCCTTTGAGC
CAAAATCCTTTGAGC
CAAAATCCTTTGAGC
CAAAATCCTTTGAGC
CAAAATCCTTTGAGC
CAAAATCCTTTGAGC
CAAAATCCTTTGAGC
CAAAATCCTTTGAGC
CAAAATCCTTTGAGC
CAAAATCCTTTGAGC
CAAAATCCTTTGAGC
CAAAATCCTTTGAGC
CAAAATCCTTTGAGC
CAAAATCCTTTGAGC
CAAAATCCTTTGAGC
CAAAATCCTTTGAGC
CAAAATCCTTTGAGC
CAAAATCCTTTGAGC
CAAAATCCTTTGAGC
CAAAATCCTTTGAGC
CAAAATCCTTTGAGC
CAAAATCCTTTGAGC
CAAAATCCTTTGAGC
CAAAATCCTTTGAGC
CAAAATCCTTTGAGC
CAAAATCCTTTGAGC
CAAAATCCTTTGAGC
CAAAATCCTTTGAGC
CAAAATCCTTTGAGC
CAAAATCCTTTGAGC
CAAAATCCTTTGAGC
CAAAATCCTTTGAGC
CAAAATCCTTTGAGC
CAAAATCCTTTGAGC
CAAAATCCTTTGAGC
CAAAATCCTTTGAGC
CAAAATCCTTTGAGC
CAAAATCCTTTGAGC
CAAAATCCTTTGAGC
CAAAATCCTTTGAGC
CAAAATCCTTTGAGC
CAAAATCCTTTGAGC
CAAAATCCTTTGAGC
CAAAATCCTTTGAGC
CAAAATCCTTTGAGC
CAAAATCCTTTGAGC
CAAAATCCTTTGAGC
CAAAATCCTTTGAGC
CAAAATCCTTTGAGC
CAAAATCCTTTGAGC
CAAAATCCTTTGAGC
CAAAATCCTTTGAGC
CAAAATCCTTTGAGC
CAAAATCCTTTGAGC
CAAAATCCTTTGAGC
CAAAATCCTTTGAGC
CAAAATCCTTTGAGC
CAAAATCCTTTGAGC
CAAAATCCTTTGAGC
CAAAATCCTTTGAGC
CAAAATCCTTTGAGC
CAAAATCCTTTGAGC
TCCTGCCACTCCTGC
TTTTCTTTTATTTTC
ACACTGGAGACGCAA
ACACTGGAGACGCAA
ACACTGGAGACGCAA
CCAAGTGGAAAGGCA
AACACAGCAAACAAA
ACACTGGAGACGCAA
ACACTGGAGACGCAA
ACACTGGAGACGCAA
AAAGTAGTTTAACTC
AAAGTAGTTTAACTC
ATCCTGTTTATTTGA
GAAAAGCATAAATCG
GCAAAAATTGAAAAA
GCAAAAATTGAAAAA
GCAAAAATTGAAAAA
GTCTGCGTGATTTGG
GTCGATGGGCGCATT
GTCGATGGGCGCATT
AATCGTTTTTGATGA
AAATTAAATAAAAAC
AGAACCCCAATGCCA
AGAACCCCAATGCCA
AGAACCCCAATGCCA
TCCAACAAAGCCAGT
GTAAAAAATAAATAA
GTAAAAAATAAATAA
GTAAAAAATAAATAA
ACCGTGTTTAACACG
ACCGTGTTTAACACG
ACCGTGTTTAACACG
CAGCAACAAATGTGC
ACAGAAGGTACATTA
GAAATTGATTTTCTG
CGGCCATCAGCACAA
CGGCCATCAGCACAA
GACTGCCGCAGCAGC
GACTGCCGCAGCAGC
AAATGGAAATGGAAA
TTTGTGTGTTTACTT
AAATGGAAATGGAAA
TGCTCGTCCGGCAGC
GAAAAGCATAAATCG
TTTCATTTTTTATTT
AAATGGAAATGGAAA
GTGGTCAACAGAACC
GCAAAAATTGAAAAA
GCAAAAATTGAAAAA
GCAAAAATTGAAAAA
GCAGCTTTCCCCACA
GCAGCTTTCCCCACA
ATCCTGTTTATTTGA
ATTTAAGTACTGCAT
AAATTGCAGGAGGAA
AAATTGCAGGAGGAA
AAATTGCAGGAGGAA
AGCAGCAGCAGCTGC
AGCAGCAGCAGCTGC
AGCAGCAGCAGCTGC
AGCAGCAGCAGCTGC
AGCAGCAGCAGCTGC
CTGTGCGAAATTTGC
CAACTTATTTAACTT
CAACTTATTTAACTT
AACAGAAACAGAAAC
AACAGAAACAGAAAC
AACAGAAACAGAAAC
CACCACACCCACAGC
CACCACACCCACAGC
CACCACACCCACAGC
CAAAATCCTTTGAGC
CACTGCAAAAGCAAA
TTTTCTTTTATTTTC
TAAAAATATATTAAA
TAAAAATATATTAAA
TAAAAATATATTAAA
TAAAAATATATTAAA
TAAAAATATATTAAA
TAAAAATATATTAAA
GCGAAAAACAAGTAA
CAAAGTGTGTTTATT
CAAAGTGTGTTTATT
TGCTGCTCCTCCTCC
TGCTGCTCCTCCTCC
CTGTGCGAAATTTGC
CAAAATCCTTTGAGC
AGTTTTCCAAACCAA
GTCGATGGGCGCATT
GTCGATGGGCGCATT
GAAAATTGCATTTAA
ATCCTGTTTATTTGA
AAAGTAGTTTAACTC
AAAGTAGTTTAACTC
AATGCCGGAGGTGAA
AATGCCGGAGGTGAA
AATGCCGGAGGTGAA
ATCCTGTTTATTTGA
GTCTGCGTGATTTGG
CACTGCAAAAGCAAA
GGAAAAGGAGCAGCG
GGAAAAGGAGCAGCG
ACACTGGAGACGCAA
