*********** 	1	211000022278158	+	592	1036	FBtr0114187	1	445	FBgn0085737	CR40502	0.106966	0.156936

*********** 	2	211000022278279	-	11634	12709	FBtr0347033	1	1076	FBgn0267594	CR45932	0.000000	0.000000

*********** 	3	211000022278282	+	518	2511	FBtr0114261	1	1994	FBgn0085807	CR41590	0.050150	0.073578

*********** 	4	211000022278298	+	648	1614	FBtr0114196	1	967	FBgn0085746	CR40571	0.000000	0.000000

*********** 	5	211000022278307	-	1	824	FBtr0114201	1	824	FBgn0085751	CR40582	0.000000	0.000000

*********** 	6	211000022278309	+	1	1110	FBtr0114198	1	1110	FBgn0085748	CR40573	0.000000	0.000000

*********** 	7	211000022278436	-	1551	2815	FBtr0300146	1	1265	FBgn0259849	Su(Ste):CR42418	0.000000	0.000000

*********** 	8	211000022278449	-	528	1635	FBtr0308947	2	1051	FBgn0085494	Mst77Y-16Psi	0.000000	0.000000

*********** 	9	211000022278498	-	13189	13940	FBtr0114286	1	752	FBgn0085828	CR42195	6.515382	9.559116

*********** 	10	211000022278522	-	390	2086	FBtr0114194	1	1697	FBgn0085744	CR40561	0.000000	0.000000

*********** 	11	211000022278603	-	1	834	FBtr0114206	1	834	FBgn0085756	CR40613	0.000000	0.000000

*********** 	12	211000022278604	+	1	265	FBtr0114202	1	265	FBgn0085752	CR40594	0.000000	0.000000

*********** 	13	211000022278664	-	1	1088	FBtr0114205	1	1088	FBgn0085755	CR40611	0.000000	0.000000

*********** 	14	211000022278724	-	930	2904	FBtr0114259	1	1975	FBgn0085805	CR41583	0.109916	0.161265

*********** 	15	211000022278750	+	1	1134	FBtr0114207	1	1134	FBgn0085757	CR40621	0.613051	0.899445

*********** 	16	211000022278760	-	562	879	FBtr0302344	2	264	FBgn0085506	CG40635	0.000000	0.000000

*********** 	17	211000022278875	+	1	2099	FBtr0114274	1	2099	FBgn0085816	CR41606	0.000000	0.000000

*********** 	18	211000022278877	+	1	549	FBtr0114208	1	549	FBgn0085758	CR40639	0.465574	0.683072

*********** 	19	211000022278878	+	1	569	FBtr0114209	1	569	FBgn0085759	CR40640	10.337173	15.166302

*********** 	20	211000022278879	+	1	559	FBtr0114210	1	559	FBgn0085760	CR40641	0.000000	0.000000

*********** 	21	211000022278880	+	1	540	FBtr0114253	1	540	FBgn0085799	CR41544	0.133333	0.195621

*********** 	22	211000022278985	-	497	1020	FBtr0114284	1	524	FBgn0085826	CR41620	0.000000	0.000000

*********** 	23	211000022279055	+	384	1123	FBtr0114214	1	740	FBgn0085764	CR40668	6.055634	8.884592

*********** 	24	211000022279108	+	1	566	FBtr0114211	1	566	FBgn0085761	CR40642	0.366078	0.537095

*********** 	25	211000022279132	+	1	1005	FBtr0114283	1	1005	FBgn0085825	CR41619	5.798541	8.507396

*********** 	26	211000022279134	+	1	1012	FBtr0114216	1	1012	FBgn0085766	CR40679	1.980896	2.906294

*********** 	27	211000022279165	-	14	1118	FBtr0300167	1	1105	FBgn0259870	Su(Ste):CR42439	0.000000	0.000000

*********** 	28	211000022279188	+	1449	2180	FBtr0300105	3	615	FBgn0259817	SteXh:CG42398	0.026016	0.038170

*********** 	29	211000022279222	+	1	506	FBtr0114218	1	506	FBgn0085768	CR40712	6.307148	9.253603

*********** 	30	211000022279264	-	180	614	FBtr0304147	1	435	FBgn0085511	CR40719	0.036782	0.053965

*********** 	31	211000022279342	+	1	530	FBtr0114222	1	530	FBgn0085772	CR40743	0.000000	0.000000

*********** 	32	211000022279392	-	1	1356	FBtr0300161	1	1356	FBgn0259864	Su(Ste):CR42433	0.000000	0.000000

*********** 	33	211000022279446	+	1	1266	FBtr0114275	1	1266	FBgn0085817	CR41607	0.013823	0.020281

*********** 	34	211000022279528	+	2	463	FBtr0114285	1	462	FBgn0085827	CR41621	0.000000	0.000000

*********** 	35	211000022279529	+	1	838	FBtr0114223	1	838	FBgn0085773	CR40766	0.954654	1.400631

*********** 	36	211000022279531	-	626	1200	FBtr0114280	1	575	FBgn0085822	CR41613	9.260434	13.586552

*********** 	37	211000022279555	-	51	1080	FBtr0114257	1	1030	FBgn0085803	CR41550	0.000000	0.000000

*********** 	38	211000022279681	+	401	1054	FBtr0300134	1	654	FBgn0259837	Su(Ste):CR42406	0.000000	0.000000

*********** 	39	211000022279708	+	608	1275	FBtr0114249	1	668	FBgn0085795	CR41535	7.270933	10.667632

*********** 	40	211000022280133	-	220	2161	FBtr0114262	1	1942	FBgn0085808	CR41591	0.000000	0.000000

*********** 	41	211000022280328	-	7386	9527	FBtr0347010	4	1428	FBgn0085692	CG41561	0.000000	0.000000

*********** 	42	211000022280341	-	1	740	FBtr0347034	1	740	FBgn0267595	CR45933	0.000000	0.000000

*********** 	43	211000022280347	-	7	354	FBtr0302352	1	348	FBgn0085540	CR40947	0.000000	0.000000

*********** 	44	211000022280481	+	1230	2419	FBtr0300141	1	1190	FBgn0259842	Su(Ste):CR42411	0.000000	0.000000

*********** 	45	211000022280494	-	1	1443	FBtr0300139	1	1443	FBgn0259839	Su(Ste):CR42408	0.000000	0.000000

*********** 	46	211000022280494	-	2048	3374	FBtr0300138	1	1327	FBgn0259840	Su(Ste):CR42409	0.000000	0.000000

*********** 	47	211000022280645	+	1	765	FBtr0114228	1	765	FBgn0085777	CR40959	0.292810	0.429599

*********** 	48	211000022280703	+	699	1770	FBtr0347035	1	1072	FBgn0267596	CR45934	0.000000	0.000000

*********** 	49	2L	+	7529	9484	FBtr0300689	2	1880	FBgn0031208	CG11023	0.182979	0.268460

*********** 	50	2L	+	7529	9484	FBtr0300690	3	1802	FBgn0031208	CG11023	0.000000	0.000000

