Q9VFJ2 		FBgn0038234
Q9VYQ5 		FBgn0030369
Q9VFJ0 		FBgn0038236
Q9VYQ7 		FBgn0030367
Q9VYQ8 		FBgn0030366
Q9VB11 		FBgn0039536
Q9VG40 		FBgn0038076
Q6WV20 		FBgn0034025
Q24338 		FBgn0000588
Q7K1Z5 		FBgn0034061
P45843 		FBgn0003515
P25172 		FBgn0265623
P25171 		FBgn0002638
Q9V535 		FBgn0033378
Q03445 		FBgn0004619
Q9VFJ3 		FBgn0038233
P40796 		FBgn0011638
P40797 		FBgn0013726
P40794 		FBgn0004389
P40795 		FBgn0000719
Q24560 		FBgn0003887
P40793 		FBgn0010341
Q24562 		FBgn0005411
Q24563 		FBgn0266137
Q24568 		FBgn0015774
P40798 		FBgn0001978
Q7K3B9 		FBgn0033994
Q9VT67 		FBgn0036057
Q7KNS3 		FBgn0015754
Q9VCR7 		FBgn0039045
Q9VCR6 		FBgn0053193
Q03042 		FBgn0000442
Q03043 		FBgn0000721
Q9VSZ6 		FBgn0036000
P46150 		FBgn0011661
Q9V979 		FBgn0033121
Q9VZ49 		FBgn0030251
Q9VA02 		FBgn0039827
Q8IRC7 		FBgn0013751
Q9VA00 		FBgn0061476
Q9V7Y2 		FBgn0010591
Q9VIZ0 		FBgn0086447
O01668 		FBgn0019940
P91682 		FBgn0003444
P16554 		FBgn0002973
Q7KRY6 		FBgn0027889
Q7KRY7 		FBgn0263289
P56175 		FBgn0020909
Q94913 		FBgn0015801
Q9VB14 		FBgn0027494
P52295 		FBgn0267727
O01666 		FBgn0020235
Q94915 		FBgn0016715
P07713 		FBgn0000490
P40421 		FBgn0265959
P40423 		FBgn0003514
Q9VX10 		FBgn0030876
P40427 		FBgn0000611
G39AD_DROME 		P58959
Q9VUR3 		FBgn0036515
Q9VUR7 		FBgn0036519
A1Z6E0 		FBgn0026238
Q9W3W8 		FBgn0029897
P13217 		FBgn0262738
P08841 		FBgn0003888
P39572 		FBgn0001150
Q9VE86 		FBgn0038608
P03896 		FBgn0013680
Q9W401 		FBgn0261955
A1Z9E2 		FBgn0033846
P17917 		FBgn0005655
Q9Y0I1 		FBgn0027378
NT56_DROME 		Q27333
P31369 		FBgn0004394
P31368 		FBgn0085424
Q9VWL5 		FBgn0030989
P18490 		FBgn0003048
P18491 		FBgn0000575
Q9VTF9 		FBgn0036136
Q9I816 		FBgn0041626
Q70PY2 		FBgn0043578
Q08180 		FBgn0003285
P30189 		FBgn0004924
Q9VFX1 		FBgn0038134
P91679 		FBgn0265575
O96690 		FBgn0023178
P24350 		FBgn0000028
Q86BL4 		FBgn0064115
Q9VYG1 		FBgn0030457
P21187 		FBgn0265297
Q7KVQ0 		FBgn0011824
Q9V3S0 		FBgn0010019
Q24564 		FBgn0086384
Q9VQ26 		FBgn0051935
P08155 		FBgn0266450
Q9W1N5 		FBgn0041234
Q9W539 		FBgn0264562
Q8T4E1 		FBgn0023545
Q9W534 		FBgn0025631
A1ZAJ2 		FBgn0267002
Q8IPM8 		FBgn0041605
A1ZB42 		FBgn0260401
P20105 		FBgn0000567
P40791 		FBgn0011656
Q709R6 		FBgn0037719
Q9VNX8 		FBgn0037135
Q9VSL3 		FBgn0086348
A1ZBR5 		FBgn0034483
P32865 		FBgn0260798
Q9VSL7 		FBgn0024236
P32866 		FBgn0261988
Q9XZT6 		FBgn0022338
P25991 		FBgn0003559
Q9XZT7 		FBgn0026324
P42325 		FBgn0013303
Q9V595 		FBgn0033428
P45447 		FBgn0004865
Q9V597 		FBgn0025286
SKEL2_DROME 		Q9GPJ1
P52656 		FBgn0013347
Q9V968 		FBgn0034543
Q8IMQ6 		FBgn0041224
Q6AWN0 		FBgn0052068
Q9V751 		FBgn0041581
Q9V6U9 		FBgn0033883
Q9V6U8 		FBgn0263697
Q9VMQ7 		FBgn0031711
LOLA3_DROME 		Q7KQZ4
P23226 		FBgn0002645
P21520 		FBgn0003326
P21521 		FBgn0004242
P21525 		FBgn0001297
O16810 		FBgn0022772
A1Z9S1 		FBgn0050077
Q9VGI8 		FBgn0002906
Q9VC61 		FBgn0039209
P54385 		FBgn0001098
Q9V9I2 		FBgn0033041
Q9V9I4 		FBgn0033043
P05661 		FBgn0264695
Q8IGJ0 		FBgn0086784
Q95T19 		FBgn0051133
O18413 		FBgn0020369
O18412 		FBgn0011596
Q95T10 		FBgn0038268
O61366 		FBgn0024232
Q95T12 		FBgn0261722
Q7JUR6 		FBgn0042135
P18106 		FBgn0000723
Q9V3L1 		FBgn0020251
Q9XYP7 		FBgn0026430
P15425 		FBgn0002936
P18102 		FBgn0003720
Q7JUR5 		FBgn0033459
P41964 		FBgn0283461
P18101 		FBgn0003941
Q9VM75 		FBgn0086451
Q9XYP8 		FBgn0001612
P82384 		FBgn0025578
Q7JX57 		FBgn0062440
Q02870 		FBgn0001179
P82149 		FBgn0011297
Q9W0Y8 		FBgn0085434
Q9W141 		FBgn0035032
Q9W0Y6 		FBgn0060296
Q6NLL1 		FBgn0033177
P82147 		FBgn0011296
Q24400 		FBgn0014863
Q9W0Y2 		FBgn0035082
Q9W0Y1 		FBgn0035083
Q70PP2 		FBgn0263968
Q9VTY4 		FBgn0036291
Q9VL63 		FBgn0051712
P18053 		FBgn0261394
Q24020 		FBgn0000709
Q9VMH7 		FBgn0031777
Q24025 		FBgn0003463
P07207 		FBgn0004647
Q9W4C5 		FBgn0029762
Q9VVS4 		FBgn0036811
Q3LHL9 		FBgn0051151
P15357 		FBgn0003942
Q9XTN2 		FBgn0024248
Q9V574 		FBgn0016970
Q9W2H9 		FBgn0034617
Q9W0K0 		FBgn0040281
P46863 		FBgn0004378
LOLA4_DROME 		Q867Z4
Q9W0K4 		FBgn0025525
P46867 		FBgn0004381
Q9W2H1 		FBgn0034626
Q9W0K7 		FBgn0004870
P30975 		FBgn0004622
P82706 		FBgn0034329
P82705 		FBgn0040653
A0A1F4 		FBgn0031414
P82701 		FBgn0067903
O61491 		FBgn0024754
Q9VW71 		FBgn0261574
O62618 		FBgn0015765
Q9V4S8 		FBgn0028836
Q9VL86 		FBgn0032144
Q9VL84 		FBgn0065109
Q9VCC0 		FBgn0029503
Q9VCC3 		FBgn0039159
Q9VU58 		FBgn0040813
P40946 		FBgn0013750
P17336 		FBgn0000261
Q9VP05 		FBgn0037109
Q9NII1 		FBgn0026086
Q9VXN9 		FBgn0030695
Q9VXN4 		FBgn0027093
Q9W349 		FBgn0002576
Q9VXN0 		FBgn0030700
P54366 		FBgn0010323
P54367 		FBgn0015024
P07247 		FBgn0001325
P49415 		FBgn0010415
P54362 		FBgn0001087
P54360 		FBgn0000658
P54361 		FBgn0014184
Q24155 		FBgn0003751
Q24154 		FBgn0016726
Q24157 		FBgn0000221
Q24151 		FBgn0016917
Q94918 		FBgn0003984
P52654 		FBgn0011289
Q24152 		FBgn0010314
O97069 		FBgn0026565
Q7KQM6 		FBgn0039936
Q9VTU4 		FBgn0036258
Q7KML2 		FBgn0027572
Q9VQ79 		FBgn0031392
O97067 		FBgn0026566
Q8MSU4 		FBgn0037371
Q8MSU3 		FBgn0034067
Q9VS48 		FBgn0002909
Q9VWS4 		FBgn0030941
Q9W3F7 		FBgn0030037
Q7KN79 		FBgn0027525
P33085 		FBgn0085387
Q95RA8 		FBgn0038965
Q9VIK9 		FBgn0032873
Q27601 		FBgn0004901
Q9W1F4 		FBgn0034939
Q9VIK2 		FBgn0032879
P17205 		FBgn0003357
Q8INB9 		FBgn0010379
Q9VKK1 		FBgn0032340
Q9VKK2 		FBgn0032339
Q9VTU1 		FBgn0036255
P12426 		FBgn0000109
Q9VTU3 		FBgn0036257
Q9W5D0 		FBgn0264449
P12428 		FBgn0000241
Q9U616 		FBgn0027945
Q9VFE6 		FBgn0038275
Q9VFE4 		FBgn0038277
Q9VH20 		FBgn0037792
Q9VVG6 		FBgn0052174
Q00963 		FBgn0250788
P23696 		FBgn0004177
Q9VVA0 		FBgn0036661
Q9VAS7 		FBgn0265274
Q9VMS8 		FBgn0031694
Q9VMS9 		FBgn0031693
Q9VVA8 		FBgn0036667
P80455 		FBgn0260441
Q9VFK6 		FBgn0011474
Q9VFK3 		FBgn0038225
Q9VG73 		FBgn0038046
Q9VUB4 		FBgn0036397
Q9VG76 		FBgn0038043
Q7JYV7 		FBgn0033754
Q9VTG7 		FBgn0036144
P48555 		FBgn0015286
Q24573 		FBgn0004795
Q24572 		FBgn0263979
P81928 		FBgn0010340
Q24570 		FBgn0015946
Q24574 		FBgn0016756
P81922 		FBgn0026385
P81923 		FBgn0026384
P16425 		FBgn0044824
P81921 		FBgn0026386
P16423 		FBgn0016699
P21328 		FBgn0015952
P37236 		FBgn0030897
Q9VCU9 		FBgn0039016
Q9VUR0 		FBgn0036512
Q9VCZ8 		FBgn0038976
Q9VCU7 		FBgn0263143
P36958 		FBgn0004855
Q9V969 		FBgn0041240
Q9VA73 		FBgn0028646
Q9VA70 		FBgn0039774
P02283 		FBgn0053910
Q0E9B6 		FBgn0033699
Q9VUQ5 		FBgn0087035
P21663 		FBgn0000094
Q94900 		FBgn0024963
Q27237 		FBgn0002174
Q9VUQ8 		FBgn0036510
Q9Y103 		FBgn0024191
Q9Y106 		FBgn0027546
Q9VX25 		FBgn0030863
Q9Y105 		FBgn0027090
P02574 		FBgn0000045
P48423 		FBgn0004390
P02572 		FBgn0000043
A4VCL2 		FBgn0051145
P56544 		FBgn0025115
Q01819 		FBgn0005775
Q7YZA2 		FBgn0030091
Q9V817 		FBgn0034219
Q7K0S9 		FBgn0033782
P13002 		FBgn0259211
P56721 		FBgn0001319
Q9V813 		FBgn0034215
Q9Y0H4 		FBgn0003557
P31396 		FBgn0000448
Q9V818 		FBgn0028956
P13008 		FBgn0261597
Q9VE50 		FBgn0044871
Q9VE51 		FBgn0261065
P18487 		FBgn0002036
P18486 		FBgn0000075
P31009 		FBgn0004867
P31007 		FBgn0001624
P18489 		FBgn0003660
P18488 		FBgn0000576
Q7JZV0 		FBgn0086519
Q9VWB0 		FBgn0052226
Q9W5B9 		FBgn0040338
A1ZAU8 		FBgn0263197
Q9VE87 		FBgn0038607
P55965 		FBgn0011723
Q9VAW5 		FBgn0261618
P11996 		FBgn0002563
P11997 		FBgn0002564
P11995 		FBgn0002562
Q9VD83 		FBgn0038901
Q9V6X7 		FBgn0033901
Q9W3W5 		FBgn0003390
P45890 		FBgn0011741
P45891 		FBgn0011743
Q9VYF2 		FBgn0030465
Q9V8F5 		FBgn0034328
Q9NJH0 		FBgn0029176
Q9V3R8 		FBgn0028375
Q9VPK7 		FBgn0031227
Q9V3R6 		FBgn0028658
Q9VY93 		FBgn0030518
P08630 		FBgn0003502
Q9V3R1 		FBgn0011559
Q8SWV6 		FBgn0263278
O76454 		FBgn0024841
Q9U3V5 		FBgn0028979
Q86BY9 		FBgn0250850
Q9U3V8 		FBgn0016080
Q9U3V9 		FBgn0028974
Q9VCG4 		FBgn0039125
Q9W4V8 		FBgn0250874
Q01583 		FBgn0085390
P43332 		FBgn0003449
Q9V589 		FBgn0033422
P05389 		FBgn0003274
Q9VJJ7 		FBgn0032593
O46203 		FBgn0023415
O46202 		FBgn0020509
O46201 		FBgn0263597
O46200 		FBgn0015585
Q9VLJ6 		FBgn0016122
Q9VLJ0 		FBgn0032059
Q9VSA3 		FBgn0035811
Q9VVE2 		FBgn0036697
P14003 		FBgn0001168
Q9V9Z1 		FBgn0039835
Q9VLJ9 		FBgn0032053
P52485 		FBgn0015320
Q9NFP1 		FBgn0040069
P04282 		FBgn0044339
P04283 		FBgn0027624
Q9NFP5 		FBgn0035772
Q8MRC9 		FBgn0050463
P20009 		FBgn0000157
O16867 		FBgn0015550
Q9NHD5 		FBgn0024188
Q9VE61 		FBgn0038627
O16868 		FBgn0001084
P24014 		FBgn0264089
A1Z9R4 		FBgn0261613
P42003 		FBgn0011648
P54399 		FBgn0014002
P54398 		FBgn0000640
Q09024 		FBgn0001257
Q9VLT8 		FBgn0031979
Q86DS1 		FBgn0029676
Q9VGH1 		FBgn0003312
Q9VLT5 		FBgn0011230
P54397 		FBgn0013269
Q02910 		FBgn0261714
Q9VGH7 		FBgn0051116
Q9VLT1 		FBgn0031985
Q9VK68 		FBgn0032445
P25455 		FBgn0004611
Q27934 		FBgn0013725
Q24371 		FBgn0013548
O97477 		FBgn0025885
Q24372 		FBgn0010238
Q9VM60 		FBgn0031875
P04755 		FBgn0000038
Q9VKQ6 		FBgn0032296
Q9V3D2 		FBgn0021944
Q9V3D5 		FBgn0016930
Q9V3D4 		FBgn0020415
Q9V3D6 		FBgn0027873
Q9VMD6 		FBgn0031814
P41375 		FBgn0004926
P41374 		FBgn0261609
Q9VMD9 		FBgn0011722
O18373 		FBgn0261270
Q99323 		FBgn0265434
A1Z7A8 		FBgn0033265
Q7JQ32 		FBgn0266136
Q9V564 		FBgn0033401
Q9VW60 		FBgn0004852
Q9VHD2 		FBgn0037697
Q7JRJ1 		FBgn0033166
Q6IDD9 		FBgn0262579
Q9V8F3 		FBgn0034327
Q27591 		FBgn0010395
Q59DY6 		FBgn0053532
Q27593 		FBgn0013772
Q27594 		FBgn0013771
A1ZBY1 		FBgn0034542
Q27597 		FBgn0015623
Q8IN81 		FBgn0004652
Q9VQC4 		FBgn0031428
Q9VL92 		FBgn0015035
Q9VL96 		FBgn0032138
Q9VHV5 		FBgn0037551
DEC12_DROME 		P18170
Q95SP2 		FBgn0039875
P20825 		FBgn0027622
P33438 		FBgn0001114
P20828 		FBgn0044338
P20829 		FBgn0027623
Q9VU41 		FBgn0266709
Q9W352 		FBgn0030121
Q9VEZ5 		FBgn0024222
P23757 		FBgn0003129
Q9U915 		FBgn0283494
P23758 		FBgn0003130
P82910 		FBgn0013275
Q24168 		FBgn0015270
Q9VT90 		FBgn0036078
Q9VGZ1 		FBgn0037816
Q9VGZ0 		FBgn0037817
Q9W197 		FBgn0034988
Q02280 		FBgn0000535
P12982 		FBgn0004103
Q9V4N3 		FBgn0264294
Q24167 		FBgn0266411
Q8INM9 		FBgn0045473
Q9VQ62 		FBgn0031381
Q9VQ66 		FBgn0040717
Q8INM3 		FBgn0037810
Q9V877 		FBgn0003545
Q9VK89 		FBgn0032430
A0A0B4K753 		FBgn0262823
Q7KN62 		FBgn0261014
Q7Z2C4 		FBgn0030350
P17210 		FBgn0001308
P47825 		FBgn0010280
Q9VWR2 		FBgn0030949
Q9VWR5 		FBgn0004959
Q9VYG2 		FBgn0025463
P19538 		FBgn0004859
Q9W1G0 		FBgn0023477
Q9VTV1 		FBgn0036263
Q9W3Y0 		FBgn0029885
P38979 		FBgn0003517
Q9VKJ9 		FBgn0261983
Q9VKJ7 		FBgn0041246
O96539 		FBgn0025720
Q9VKJ3 		FBgn0262647
Q6NN85 		FBgn0029157
Q9VKJ0 		FBgn0040211
Q9VVF3 		FBgn0036709
Q9N2P6 		FBgn0053200
O97125 		FBgn0001230
Q9VH39 		FBgn0037777
Q9VH38 		FBgn0037778
P55935 		FBgn0010408
Q9VMR8 		FBgn0031701
Q03427 		FBgn0010397
Q9VFH6 		FBgn0038248
O77150 		FBgn0025583
Q9W1K5 		FBgn0034897
Q9VNL4 		FBgn0051559
Q27331 		FBgn0263598
P20480 		FBgn0002924
P20482 		FBgn0262975
P20483 		FBgn0003525
P10674 		FBgn0262742
Q8MYY6 		FBgn0039596
P10676 		FBgn0002938
P29613 		FBgn0086355
Q7KRI2 		FBgn0022238
Q9V7N5 		FBgn0262511
P21330 		FBgn0020297
Q9VGR7 		FBgn0037878
Q24583 		FBgn0262512
P13582 		FBgn0000533
Q7K4H4 		FBgn0266570
Q9VXA0 		FBgn0030800
P22978 		FBgn0001228
Q9V3S9 		FBgn0027348
P22977 		FBgn0000356
Q9VXA8 		FBgn0030793
Q08473 		FBgn0263396
P12297 		FBgn0003638
P02299 		FBgn0053866
Q4V4I9 		FBgn0038199
P83548 		FBgn0052750
Q9VD25 		FBgn0038951
P06602 		FBgn0000606
Q9VTJ4 		FBgn0036169
Q9Y0Y6 		FBgn0027497
Q8IN94 		FBgn0261885
P06606 		FBgn0087040
P06607 		FBgn0004047
Q9Y0Y2 		FBgn0027493
P06605 		FBgn0003885
P82295 		FBgn0026189
P23803 		FBgn0002985
Q76NQ1 		FBgn0041723
Q9W3I5 		FBgn0030016
Q9Y113 		FBgn0027553
Q9Y115 		FBgn0027556
Q9VBP9 		FBgn0039348
Q9Y117 		FBgn0027558
Q9V557 		FBgn0033395
Q9VX32 		FBgn0026375
P37276 		FBgn0261797
Q01820 		FBgn0005695
Q9W1U6 		FBgn0034822
Q9W1U5 		FBgn0041235
Q9W1U4 		FBgn0034824
Q9W2N0 		FBgn0034577
Q9XZ58 		FBgn0027053
Q8MSF5 		FBgn0262116
Q07436 		FBgn0004583
Q9VDL1 		FBgn0038806
P83098 		FBgn0046692
P83099 		FBgn0259680
Q9W429 		FBgn0029849
O76511 		FBgn0024920
P35004 		FBgn0010357
P35005 		FBgn0010425
P23023 		FBgn0000504
O01939 		FBgn0020272
Q9W420 		FBgn0028982
P83094 		FBgn0045073
Q9W1Y1 		FBgn0034791
Q9VUN3 		FBgn0036497
P83097 		FBgn0046685
Q8WTC1 		FBgn0026261
Q9VE46 		FBgn0038641
Q9VWN5 		FBgn0030973
P18475 		FBgn0003733
Q8INQ7 		FBgn0051460
Q9VRB3 		FBgn0031126
P39736 		FBgn0004856
Q9I7M2 		FBgn0032818
P16621 		FBgn0000464
P16620 		FBgn0014007
Q86BN8 		FBgn0039111
P45884 		FBgn0012042
Q9VNB5 		FBgn0037324
P45889 		FBgn0011745
P45888 		FBgn0011742
P52034 		FBgn0003071
Q9V8G0 		FBgn0040736
Q94535 		FBgn0017457
P25823 		FBgn0003891
P25822 		FBgn0003165
Q9V3U2 		FBgn0029148
Q9VPL3 		FBgn0031231
Q9V3U0 		FBgn0028519
P92189 		FBgn0003527
P53034 		FBgn0260985
O61734 		FBgn0023094
O61735 		FBgn0023076
Q9U3W6 		FBgn0029003
O76464 		FBgn0024945
Q9VRP9 		FBgn0086694
Q9GYU8 		FBgn0026207
Q9GYU7 		FBgn0036581
Q9VRP5 		FBgn0260936
O46098 		FBgn0013432
Q9VG09 		FBgn0041710
P55824 		FBgn0005632
P00522 		FBgn0000017
P00528 		FBgn0262733
P29993 		FBgn0010051
Q9W4Q9 		FBgn0044046
P25153 		FBgn0004436
P52029 		FBgn0003074
Q8SY33 		FBgn0051992
P35820 		FBgn0005624
P08736 		FBgn0000556
Q9W4M9 		FBgn0026079
P29681 		FBgn0001254
P32845 		FBgn0004143
Q9VG08 		FBgn0038105
P28159 		FBgn0004837
P08510 		FBgn0003380
P08044 		FBgn0003448
Q9VJK8 		FBgn0028841
Q9VCE8 		FBgn0053108
Q9V778 		FBgn0033983
Q9VLK2 		FBgn0032050
Q7JVA5 		FBgn0266708
Q8MT80 		FBgn0266438
Q9VLK4 		FBgn0032048
Q9V770 		FBgn0015714
Q9V771 		FBgn0033978
Q9V773 		FBgn0033980
Q9V774 		FBgn0033981
Q9V776 		FBgn0033982
P46461 		FBgn0000346
P42787 		FBgn0004648
O77215 		FBgn0024184
Q8SWU7 		FBgn0030151
Q9NHE5 		FBgn0053653
Q9Y0V3 		FBgn0027358
Q9VBL6 		FBgn0011668
Q9VBL7 		FBgn0011669
Q8MT36 		FBgn0039559
P20351 		FBgn0003965
O02649 		FBgn0015245
Q8SZ63 		FBgn0039188
Q9VLU5 		FBgn0031972
Q9VLU6 		FBgn0031971
Q9V6Y3 		FBgn0033907
Q9VLU0 		FBgn0031977
Q02926 		FBgn0004903
Q8ST83 		FBgn0002521
Q9V3X5 		FBgn0028481
Q24342 		FBgn0011591
Q7KR10 		FBgn0053503
Q9V3G6 		FBgn0260444
Q9V3G7 		FBgn0028688
Q9V3G1 		FBgn0261602
Q9V3G3 		FBgn0028382
PDM2B_DROME 		Q9VK71
O02002 		FBgn0010501
Q09147 		FBgn0005592
P21750 		FBgn0003313
Q02637 		FBgn0005638
Q9VMC8 		FBgn0031822
Q9VMC9 		FBgn0031821
Q8SXT3 		FBgn0034262
Q9W0M2 		FBgn0035167
Q24009 		FBgn0000182
Q24008 		FBgn0001263
Q7JUY7 		FBgn0029092
Q9V399 		FBgn0001992
Q9VYN8 		FBgn0267001
Q9Y1I2 		FBgn0000257
Q9VW12 		FBgn0036887
P54185 		FBgn0011294
Q8ITC7 		FBgn0037100
Q9XTL9 		FBgn0004507
Q9VW14 		FBgn0036889
Q9VW15 		FBgn0005386
Q9V558 		FBgn0015037
Q9V559 		FBgn0033397
DMDB_DROME 		Q9VDW3
Q05652 		FBgn0010441
P53501 		FBgn0000044
Q9VHE6 		FBgn0037685
Q9VGK7 		FBgn0037926
P83297 		FBgn0052255
Q9VNB3 		FBgn0037322
Q27589 		FBgn0011576
Q9W1P8 		FBgn0034865
Q9VQB7 		FBgn0264672
Q5LJP9 		FBgn0032997
Q9VJY6 		FBgn0032518
Q27580 		FBgn0014455
Q9VXP4 		FBgn0025809
Q9VCE9 		FBgn0039137
P40141 		FBgn0010296
P40140 		FBgn0010295
Q9VP22 		FBgn0037093
Q9VCE1 		FBgn0264325
Q9VCE6 		FBgn0039139
Q24174 		FBgn0264442
Q9W367 		FBgn0030108
Q7K4Y6 		FBgn0034136
Q24178 		FBgn0265606
Q8INR6 		FBgn0264495
O18640 		FBgn0020618
Q9W1P7 		FBgn0034866
Q7KU24 		FBgn0250786
Q24546 		FBgn0004575
Q9VGU5 		FBgn0037855
Q9VM09 		FBgn0041247
Q9VZL6 		FBgn0035469
Q9VZL7 		FBgn0035468
P41092 		FBgn0261606
P41093 		FBgn0010409
Q9VI55 		FBgn0037467
Q9VV28 		FBgn0042201
Q9V3J3 		FBgn0011670
Q9U6A0 		FBgn0028704
Q9VQ57 		FBgn0267972
P40320 		FBgn0005278
Q9V3J1 		FBgn0027779
Q7KN90 		FBgn0027091
Q95RC0 		FBgn0024362
Q9NHV9 		FBgn0040068
Q9VH69 		FBgn0261599
P25228 		FBgn0005586
O76879 		FBgn0000092
Q9VKM1 		FBgn0004872
Q9VKM6 		FBgn0032321
Q8IS44 		FBgn0053517
M9MSG8 		FBgn0264953
O77459 		FBgn0011236
P07666 		FBgn0003510
Q9VVG4 		FBgn0266669
Q7PLI2 		FBgn0026401
P50245 		FBgn0015011
Q9VAQ1 		FBgn0039631
Q8MMC4 		FBgn0022343
P20007 		FBgn0003067
Q9VAQ5 		FBgn0039627
Q9VAQ7 		FBgn0039626
Q9W4J5 		FBgn0029714
P41094 		FBgn0010411
Q9VFI9 		FBgn0038237
Q8T3U2 		FBgn0033912
P51592 		FBgn0002431
LOLA6_DROME 		Q9V5M3
Q6IGX9 		FBgn0053527
Q9VYV5 		FBgn0030327
Q27324 		FBgn0015380
P50882 		FBgn0015756
P08985 		FBgn0001197
P81900 		FBgn0022382
Q7JYX0 		FBgn0033817
Q9VCW0 		FBgn0039007
Q9VCW1 		FBgn0039006
Q24595 		FBgn0004698
Q9VJD2 		FBgn0032642
Q24592 		FBgn0004864
Q9VXB0 		FBgn0030791
Q9W385 		FBgn0030092
Q9VEW2 		FBgn0038421
P55162 		FBgn0011771
A8JR14 		FBgn0026737
P13395 		FBgn0250789
Q9VF26 		FBgn0003483
Q9U1H9 		FBgn0003321
Q9VLC0 		FBgn0011232
Q9VMX1 		FBgn0031659
Q9U5V6 		FBgn0028377
Q9W358 		FBgn0028292
Q7JWG9 		FBgn0033208
P27864 		FBgn0004584
O77237 		FBgn0025574
Q8MUJ1 		FBgn0033483
Q03720 		FBgn0003429
Q9W440 		FBgn0029838
Q9VBQ9 		FBgn0039337
Q9W3J5 		FBgn0030007
Q9VBN7 		FBgn0039357
Q9W3J8 		FBgn0030004
P08879 		FBgn0000150
Q8IQ13 		FBgn0051957
Q7KPA5 		FBgn0002716
Q9Y123 		FBgn0027564
Q6WV17 		FBgn0031681
Q8I9B4 		FBgn0053192
P07188 		FBgn0002534
P07189 		FBgn0002535
Q9VG17 		FBgn0038095
Q9W1R4 		FBgn0034853
Q9W1R5 		FBgn0003977
P07182 		FBgn0000359
P07183 		FBgn0000360
Q9VDM6 		FBgn0038796
P07186 		FBgn0000358
P07187 		FBgn0002533
P07184 		FBgn0000357
Q07407 		FBgn0010389
E75BC_DROME 		P17671
Q9W261 		FBgn0034722
Q9VUM0 		FBgn0036486
Q07886 		FBgn0010220
Q9V831 		FBgn0034231
O77059 		FBgn0025680
Q00168 		FBgn0264607
O77051 		FBgn0024371
P05130 		FBgn0003091
Q9VE34 		FBgn0038651
Q9VXB5 		FBgn0030786
Q9NI63 		FBgn0040298
Q9VYD7 		FBgn0030480
Q9V5Z7 		FBgn0015872
Q26454 		FBgn0015929
P17719 		FBgn0004087
P48591 		FBgn0011703
P48592 		FBgn0011704
P48593 		FBgn0004910
P48596 		FBgn0003162
O77286 		FBgn0025558
P48598 		FBgn0015218
P29327 		FBgn0261592
Q9V3T9 		FBgn0015582
P92192 		FBgn0020643
Q04448 		FBgn0010222
Q9W568 		FBgn0001189
P04197 		FBgn0002914
Q9VPM5 		FBgn0086912
Q960T2 		FBgn0013334
P20153 		FBgn0003964
Q9VD44 		FBgn0038934
Q9V579 		FBgn0033413
P04359 		FBgn0002626
P04357 		FBgn0002868
Q9I7X6 		FBgn0023522
E74EB_DROME 		P11536
Q9W4P5 		FBgn0028665
P55830 		FBgn0017545
Q8IRL8 		FBgn0052693
P24492 		FBgn0004240
P53997 		FBgn0014879
P17672 		FBgn0000568
P35381 		FBgn0011211
P35832 		FBgn0004369
P49846 		FBgn0010356
Q24488 		FBgn0010407
P83088 		FBgn0044872
Q8IMN5 		FBgn0046885
Q8IMN6 		FBgn0046886
P27780 		FBgn0000552
P27781 		FBgn0004554
Q9V769 		FBgn0013773
Q9VSC1 		FBgn0035827
Q9VLD6 		FBgn0032105
Q9VNM1 		FBgn0037408
O17468 		FBgn0022786
Q86B61 		FBgn0010329
Q8IRZ5 		FBgn0062565
A1Z9P3 		FBgn0085408
P24785 		FBgn0002774
Q9VN03 		FBgn0037232
A8DYY6 		FBgn0032221
P18289 		FBgn0001291
O18334 		FBgn0015797
O16844 		FBgn0000352
DMDD_DROME 		Q0KI50
Q8SYK5 		FBgn0031434
A8DYY5 		FBgn0085212
Q9V492 		FBgn0039930
P27091 		FBgn0024234
Q9V498 		FBgn0039928
Q9VLV5 		FBgn0261790
Q24352 		FBgn0001134
Q9VM71 		FBgn0031868
P26270 		FBgn0002787
Q8T0B1 		FBgn0036090
Q7KR04 		FBgn0033555
Q9XYU0 		FBgn0020633
Q9XYU1 		FBgn0024332
P08182 		FBgn0000259
P08181 		FBgn0264492
Q05825 		FBgn0010217
O61365 		FBgn0024319
P58985 		FBgn0041236
Q01637 		FBgn0003257
Q9VVV2 		FBgn0036834
P35415 		FBgn0003149
Q9VVV9 		FBgn0002945
Q24368 		FBgn0011604
P18105 		FBgn0002948
P02828 		FBgn0001233
Q9VMQ5 		FBgn0031713
Q7JUX9 		FBgn0034351
LOLA5_DROME 		Q9V5M6
P02825 		FBgn0013276
Q7KS38 		FBgn0039129
Q9VQE9 		FBgn0051690
Q9VC49 		FBgn0039218
Q9VEJ2 		FBgn0010926
Q9VJF2 		FBgn0045486
Q9W011 		FBgn0035344
Q9VW09 		FBgn0262517
Q06559 		FBgn0002622
Q9XTM1 		FBgn0266673
O61443 		FBgn0024846
Q9W5A5 		FBgn0261444
Q95YI5 		FBgn0042641
Q02936 		FBgn0004644
P14956 		FBgn0000278
Q9W4L1 		FBgn0040907
P26308 		FBgn0001105
Q9VGJ5 		FBgn0037937
Q9VQE5 		FBgn0031443
O46089 		FBgn0023513
O62621 		FBgn0025724
Q9VFR0 		FBgn0038183
A1ZB91 		FBgn0034352
OR69B_DROME 		P82985
Q9W056 		FBgn0035300
P40139 		FBgn0010294
Q9VU27 		FBgn0041622
Q9VEX9 		FBgn0024491
Q24106 		FBgn0003997
P54195 		FBgn0011283
P54194 		FBgn0011282
Q7PLS8 		FBgn0262117
P54191 		FBgn0011279
Q9W376 		FBgn0030099
Q9VEX5 		FBgn0020407
Q9XZS8 		FBgn0028550
Q7K237 		FBgn0032078
Q9V6L0 		FBgn0053182
P53403 		FBgn0015230
P54359 		FBgn0014029
P54358 		FBgn0263600
P54357 		FBgn0004687
P54356 		FBgn0003865
P54353 		FBgn0015379
P54352 		FBgn0000536
P23573 		FBgn0004107
P23572 		FBgn0004106
Q7K0Y1 		FBgn0028744
Q06521 		FBgn0003983
Q9U4G1 		FBgn0028482
P14734 		FBgn0000659
Q9VT57 		FBgn0015618
Q8IQG1 		FBgn0259481
Q9VT51 		FBgn0036046
Q9VT50 		FBgn0044051
Q9VT53 		FBgn0044049
Q9VT52 		FBgn0044050
Q8MSV2 		FBgn0052423
P81829 		FBgn0028418
P19889 		FBgn0000100
P82804 		FBgn0034918
Q8IH00 		FBgn0261286
Q9VLR5 		FBgn0015299
Q9VPF8 		FBgn0036988
Q868T3 		FBgn0039396
Q7KM13 		FBgn0027788
Q95TJ9 		FBgn0039858
P47947 		FBgn0013348
Q9VV41 		FBgn0036615
Q9VAP3 		FBgn0039637
O96553 		FBgn0020385
Q9VSS7 		FBgn0035952
Q9VTP4 		FBgn0036213
O61267 		FBgn0019686
P11147 		FBgn0266599
P11146 		FBgn0001217
Q9VVD9 		FBgn0036695
Q9U9P7 		FBgn0027872
Q9VFN2 		FBgn0038203
A1Z8E9 		FBgn0033578
P13496 		FBgn0001108
P81913 		FBgn0026394
P81912 		FBgn0026395
O96433 		FBgn0025455
P07668 		FBgn0000303
P81917 		FBgn0026389
P81916 		FBgn0026390
P81915 		FBgn0026391
P81914 		FBgn0026392
P07663 		FBgn0003068
P81919 		FBgn0026388
P81918 		FBgn0026393
Q7K1V5 		FBgn0037374
P07665 		FBgn0003511
P07664 		FBgn0003512
Q9VYA0 		FBgn0030512
P13368 		FBgn0003366
P13360 		FBgn0004618
P18935 		FBgn0013678
P49630 		FBgn0002579
P81909 		FBgn0026398
Q7K4N3 		FBgn0022942
Q9W391 		FBgn0030087
P23792 		FBgn0000459
Q07093 		FBgn0013972
O76878 		FBgn0024985
Q27268 		FBgn0014189
Q9VF36 		FBgn0038363
P05031 		FBgn0000422
P48451 		FBgn0010014
Q23973 		FBgn0010431
Q23970 		FBgn0010403
Q23971 		FBgn0010401
Q23976 		FBgn0011774
Q23977 		FBgn0010303
P48456 		FBgn0010015
Q8MR31 		FBgn0024728
Q23978 		FBgn0086347
Q23979 		FBgn0010246
P22807 		FBgn0002941
Q9W088 		FBgn0027903
P25028 		FBgn0000927
Q9W422 		FBgn0029853
Q9W3K5 		FBgn0040319
P83967 		FBgn0000047
P13709 		FBgn0004656
Q24437 		FBgn0011667
Q24434 		FBgn0003009
Q9VH78 		FBgn0037743
Q24432 		FBgn0000179
Q01842 		FBgn0000097
P07190 		FBgn0002570
Q9VDN2 		FBgn0038790
P07192 		FBgn0002571
P13706 		FBgn0001128
P18929 		FBgn0013679
P29845 		FBgn0001220
P29844 		FBgn0001218
P29843 		FBgn0001216
Q07892 		FBgn0000564
P51123 		FBgn0010355
Q9V8W3 		FBgn0026378
Q9VWH8 		FBgn0040890
A1ZAX1 		FBgn0034258
A1ZAX0 		FBgn0050106
Q03372 		FBgn0000492
Q9W138 		FBgn0035035
P51905 		FBgn0010414
Q00174 		FBgn0002526
Q9VWH4 		FBgn0027291
Q9I7K0 		FBgn0051363
Q9I7K5 		FBgn0069242
Q9I7K6 		FBgn0037624
Q9VXB3 		FBgn0030788
P48588 		FBgn0086472
Q6WV19 		FBgn0031530
P52905 		FBgn0015001
P49858 		FBgn0000339
P84029 		FBgn0000409
Q9V576 		FBgn0016078
Q9VRN5 		FBgn0035626
Q9VRN2 		FBgn0035623
Q967D7 		FBgn0010473
Q9VN19 		FBgn0086605
Q9V8I2 		FBgn0034350
Q9VD51 		FBgn0266581
Q9NDM2 		FBgn0046687
Q9VQP9 		FBgn0031529
Q9VHN3 		FBgn0037611
P06002 		FBgn0002940
Q9W4S7 		FBgn0262656
P17644 		FBgn0000039
Q9V7G5 		FBgn0034053
A1ZB86 		FBgn0261477
Q9V477 		FBgn0029114
P83740 		FBgn0052669
Q9VUL1 		FBgn0266452
Q7KRW8 		FBgn0039600
Q08012 		FBgn0004638
Q9VUL9 		FBgn0036485
Q24292 		FBgn0000497
Q9VJI9 		FBgn0032597
Q9GQQ0 		FBgn0086676
Q24297 		FBgn0000426
Q6AWJ9 		FBgn0004839
P32392 		FBgn0262716
Q24298 		FBgn0003391
Q9V719 		FBgn0033935
P52168 		FBgn0003117
Q94920 		FBgn0004363
P35600 		FBgn0004913
P91943 		FBgn0085432
Q9VLE5 		FBgn0032096
P09040 		FBgn0000500
P10041 		FBgn0000463
P10040 		FBgn0259685
O17444 		FBgn0270928
P34739 		FBgn0002542
P30974 		FBgn0004841
Q8T0S6 		FBgn0261456
Q9VN14 		FBgn0037240
Q9VN12 		FBgn0037238
Q9VSE7 		FBgn0035847
Q9V3W6 		FBgn0027106
Q9VPN2 		FBgn0025686
Q9BIS2 		FBgn0013278
Q8MLL3 		FBgn0033086
O76206 		FBgn0014930
P46222 		FBgn0013325
P46223 		FBgn0014026
Q4V5I9 		FBgn0033274
Q9VM33 		FBgn0263133
Q04652 		FBgn0001301
Q9V629 		FBgn0260932
O61492 		FBgn0264078
Q9V3I8 		FBgn0027864
Q9V3I5 		FBgn0020412
Q04499 		FBgn0003423
Q9I7W5 		FBgn0029755
Q9V5E1 		FBgn0283510
Q9VVW1 		FBgn0015586
Q9VVW5 		FBgn0036844
Q9XYF4 		FBgn0026404
Q9VVW8 		FBgn0036848
Q9VMA7 		FBgn0031842
Q9VMA0 		FBgn0031848
Q9VMA2 		FBgn0263200
Q9VMA3 		FBgn0000392
P02839 		FBgn0002531
P02835 		FBgn0001077
P02836 		FBgn0000577
P02833 		FBgn0260642
Q9VJ83 		FBgn0032682
Q7YU81 		FBgn0015371
DMDE_DROME 		Q7YU29
P26686 		FBgn0004587
Q9VEI3 		FBgn0038524
Q9VBV3 		FBgn0039298
Q86B91 		FBgn0261649
Q9VLW2 		FBgn0031955
Q9VGE8 		FBgn0037976
Q9VSA4 		FBgn0035812
P40945 		FBgn0013749
Q9VEG6 		FBgn0261987
Q8I7Q0 		FBgn0025876
Q9VR81 		FBgn0031099
Q9VR82 		FBgn0027107
Q9VHY5 		FBgn0024909
Q9XZF0 		FBgn0026749
Q9VR89 		FBgn0027334
Q9VEG9 		FBgn0038536
Q9V4I1 		FBgn0015039
Q9V4I0 		FBgn0015038
O46054 		FBgn0015036
Q9XZT1 		FBgn0026873
Q9VZJ6 		FBgn0035486
Q24114 		FBgn0263930
Q24117 		FBgn0011760
O46051 		FBgn0023541
Q24119 		FBgn0262139
Q24118 		FBgn0010309
O02373 		FBgn0261445
O02372 		FBgn0020277
Q9W148 		FBgn0035025
Q9V447 		FBgn0266449
Q961D9 		FBgn0039907
P40301 		FBgn0086134
Q95SS8 		FBgn0035805
Q9VGW1 		FBgn0261053
Q9VI93 		FBgn0267337
Q9VGW6 		FBgn0017577
A1ZAI3 		FBgn0034143
Q9GU68 		FBgn0034967
Q9VSJ8 		FBgn0266667
Q8IQF1 		FBgn0263241
Q9W1B0 		FBgn0023081
Q9VT65 		FBgn0025866
Q4LBB6 		FBgn0250910
Q7K550 		FBgn0027619
Q7K556 		FBgn0050118
Q9VHU1 		FBgn0037561
Q9VQ93 		FBgn0267378
Q8MS27 		FBgn0038923
Q08605 		FBgn0013263
P09089 		FBgn0004053
Q9VCU5 		FBgn0039020
Q8INF0 		FBgn0038295
Q8INF7 		FBgn0051320
Q9VAW0 		FBgn0039582
Q8SXX4 		FBgn0261555
Q02360 		FBgn0004895
Q02361 		FBgn0004896
Q95RU0 		FBgn0011204
Q9VIT2 		FBgn0032811
O97159 		FBgn0262519
A1Z7T0 		FBgn0020621
P12370 		FBgn0000273
Q9VJ62 		FBgn0032701
Q9VP47 		FBgn0037073
Q9VCG2 		FBgn0264740
Q9VCG3 		FBgn0039126
P12646 		FBgn0004057
Q9U9Q4 		FBgn0022023
Q9VP48 		FBgn0086913
Q24179 		FBgn0264978
Q9VVE5 		FBgn0260943
Q7PLK0 		FBgn0250816
Q9VTC2 		FBgn0036105
Q9W5R8 		FBgn0064225
Q9VKQ9 		FBgn0032293
P55035 		FBgn0015283
Q9VKQ3 		FBgn0032298
P40589 		FBgn0010453
Q9VY99 		FBgn0265726
Q9VVX3 		FBgn0016797
B7Z073 		FBgn0259720
Q8MKN0 		FBgn0050493
Q8SZ16 		FBgn0038437
Q9N2M8 		FBgn0010113
Q9V9U4 		FBgn0261479
Q08832 		FBgn0010240
P48149 		FBgn0010198
Q9VCY8 		FBgn0038984
Q9VDM1 		FBgn0038798
P15278 		FBgn0000636
C4NYP8 		FBgn0260484
Q9VCY3 		FBgn0028837
Q9VEU0 		FBgn0038440
Q9VEU1 		FBgn0038439
Q9VXD9 		FBgn0030766
Q9VEU5 		FBgn0038436
Q9VEU6 		FBgn0038435
Q7K4M4 		FBgn0086350
P07185 		FBgn0000355
P40304 		FBgn0002284
Q9VZN4 		FBgn0263239
Q8I7C3 		FBgn0063485
Q9VF08 		FBgn0038387
Q27272 		FBgn0000617
Q9VI58 		FBgn0037470
Q8IQ72 		FBgn0041232
P10735 		FBgn0003714
P10734 		FBgn0001320
Q9V4M2 		FBgn0259745
P48461 		FBgn0003134
P48462 		FBgn0000711
Q9VZ64 		FBgn0030239
P14130 		FBgn0004404
P83972 		FBgn0004427
P83971 		FBgn0004426
TTKB_DROME 		P17789
Q9VWY6 		FBgn0022724
Q9W3L5 		FBgn0029989
P51022 		FBgn0003118
Q95RW8 		FBgn0025360
Q24423 		FBgn0005771
Q9W5P1 		FBgn0040020
Q9VYT8 		FBgn0030339
Q9VWK6 		FBgn0030997
Q9VE17 		FBgn0261792
Q9XY35 		FBgn0011227
Q9V853 		FBgn0029006
Q9VDY1 		FBgn0086613
Q9U1H8 		FBgn0029121
Q9VIS1 		FBgn0032821
P11956 		FBgn0002869
A1ZAW5 		FBgn0029079
Q9U1H0 		FBgn0262582
Q9V3H8 		FBgn0028411
Q9I7H9 		FBgn0265189
Q9VRA2 		FBgn0002641
P10383 		FBgn0003023
P49847 		FBgn0010417
A1Z8P9 		FBgn0013756
Q9Y091 		FBgn0000662
P13607 		FBgn0002921
Q9VAK8 		FBgn0039666
Q9I7F7 		FBgn0013955
Q9W549 		FBgn0029594
P23938 		FBgn0002933
P92177 		FBgn0020238
P56079 		FBgn0010350
Q86BE9 		FBgn0053198
P56672 		FBgn0015524
P05205 		FBgn0003607
Q9VH48 		FBgn0037770
Q9V3H2 		FBgn0028694
Q960V3 		FBgn0262872
Q9VA91 		FBgn0039757
Q9VSS2 		FBgn0035947
Q5EAK6 		FBgn0045035
P10552 		FBgn0000715
Q7JVR7 		FBgn0040754
P07548 		FBgn0000439
P18934 		FBgn0013683
P18933 		FBgn0013685
P18932 		FBgn0013684
P18931 		FBgn0262952
P18930 		FBgn0013681
P28166 		FBgn0004606
P09077 		FBgn0003339
Q9VNS0 		FBgn0016034
P53777 		FBgn0259209
Q9VYD1 		FBgn0030486
Q9NFT7 		FBgn0042710
Q8T6B9 		FBgn0028577
O17445 		FBgn0028697
P52172 		FBgn0003507
Q9NFT9 		FBgn0042711
Q9VLF6 		FBgn0040964
P45437 		FBgn0008635
P48148 		FBgn0014020
Q9NHX0 		FBgn0040291
P00408 		FBgn0013675
P42519 		FBgn0003310
Q8T0R7 		FBgn0064237
Q9W497 		FBgn0003747
Q9W495 		FBgn0029789
Q9V3V7 		FBgn0087021
Q9VCZ3 		FBgn0038980
Q9BIR7 		FBgn0013279
Q8INF2 		FBgn0067628
O46339 		FBgn0001235
Q9V9A8 		FBgn0028579
Q02427 		FBgn0260944
Q9VQN8 		FBgn0031519
P43248 		FBgn0015546
P32748 		FBgn0000447
Q7K0P4 		FBgn0033088
Q9VVN2 		FBgn0036774
Q9V637 		FBgn0033669
Q05733 		FBgn0005619
P20354 		FBgn0001123
Q95V55 		FBgn0038197
P20350 		FBgn0004635
Q04047 		FBgn0004227
P20353 		FBgn0001104
Q9VPQ6 		FBgn0003963
P35500 		FBgn0264255
Q8MPP3 		FBgn0033438
Q960X4 		FBgn0026080
P28167 		FBgn0004607
P20193 		FBgn0003598
Q9V4Q0 		FBgn0033202
P17207 		FBgn0003358
Q7KVH9 		FBgn0034894
Q960X8 		FBgn0031450
P13098 		FBgn0000591
Q8T3Y0 		FBgn0259794
Q9VVT5 		FBgn0036819
P98149 		FBgn0011274
Q9VVT2 		FBgn0036816
Q9VBV5 		FBgn0039296
Q9VHH9 		FBgn0037659
Q59E55 		FBgn0259986
Q9VHH7 		FBgn0037661
Q9VJ97 		FBgn0032671
Q9W2C3 		FBgn0034665
Q9VTU0 		FBgn0036254
Q9VQG2 		FBgn0031458
Q9W032 		FBgn0000543
Q9VJD3 		FBgn0024689
Q9VL59 		FBgn0032169
Q7M3K2 		FBgn0013311
Q9VQG4 		FBgn0019830
OR46B_DROME 		Q9V3N2
P08099 		FBgn0003248
Q9VW26 		FBgn0022774
Q9VL52 		FBgn0051755
P10090 		FBgn0003996
Q9VU87 		FBgn0086785
Q9VLP7 		FBgn0032016
Q9VLP4 		FBgn0262598
Q9VNA8 		FBgn0086695
P20228 		FBgn0004516
Q9V9L1 		FBgn0033065
Q9VNA4 		FBgn0037313
Q8IMZ5 		FBgn0041225
Q9W4N2 		FBgn0029693
Q9VNA0 		FBgn0037310
Q9VR93 		FBgn0040651
Q9VR91 		FBgn0031107
P15348 		FBgn0003732
Q7KHG2 		FBgn0086655
Q8IN23 		FBgn0045470
Q9VR94 		FBgn0031109
Q8I7P9 		FBgn0025875
Q9W2Q1 		FBgn0020617
Q9VR99 		FBgn0031114
Q9W2Q7 		FBgn0050295
Q9W157 		FBgn0050169
Q9VQU9 		FBgn0004893
O46043 		FBgn0023216
Q9VSH9 		FBgn0035877
Q24120 		FBgn0000256
Q95028 		FBgn0001258
P45594 		FBgn0011726
Q8IQC1 		FBgn0035944
Q9V6B9 		FBgn0033737
Q00805 		FBgn0004569
Q9U6B8 		FBgn0041585
P22058 		FBgn0000412
O46197 		FBgn0015583
P41042 		FBgn0011284
P36241 		FBgn0002607
P91929 		FBgn0019957
O46199 		FBgn0015584
Q9VMS7 		FBgn0031695
Q9V4X2 		FBgn0043575
P40808 		FBgn0013308
P40809 		FBgn0045843
P40688 		FBgn0003655
Q7K2G1 		FBgn0033886
Q9W1C9 		FBgn0011695
P40807 		FBgn0013307
Q9VT70 		FBgn0036059
P41044 		FBgn0004580
A3RLR0 		FBgn0259732
P41046 		FBgn0010313
Q9VKN7 		FBgn0024227
Q8SYV9 		FBgn0052476
P41043 		FBgn0010226
Q9VS97 		FBgn0035806
Q7K0L4 		FBgn0037094
Q9VMN5 		FBgn0031728
P22816 		FBgn0002922
P40689 		FBgn0003867
Q9VH70 		FBgn0037751
Q9VM92 		FBgn0031853
Q8SXY6 		FBgn0045866
Q24307 		FBgn0015247
P04412 		FBgn0003731
Q9V521 		FBgn0033367
A6MHQ4 		FBgn0085442
Q9VJ71 		FBgn0032693
Q9VJ79 		FBgn0085370
Q9VUZ1 		FBgn0266724
P84181 		FBgn0045498
P84180 		FBgn0045500
P11612 		FBgn0003140
Q9VW27 		FBgn0036899
Q9VE11 		FBgn0038673
Q9VTL1 		FBgn0036184
Q9VC27 		FBgn0039234
Q9VVH3 		FBgn0036726
Q9VZA4 		FBgn0260657
Q6AWG9 		FBgn0034300
Q9VAD6 		FBgn0051040
Q9I7T7 		FBgn0035424
Q9VLP3 		FBgn0032020
Q8MR62 		FBgn0036237
Q9VCX4 		FBgn0051159
Q9VCX1 		FBgn0020278
Q9VCX3 		FBgn0263863
Q9GQF1 		FBgn0024187
O76932 		FBgn0023177
Q9VXE0 		FBgn0261791
Q9VXE5 		FBgn0025743
Q95083 		FBgn0016697
Q7KUD5 		FBgn0044048
Q9VP04 		FBgn0037110
Q9VPD2 		FBgn0037011
FOSLD_DROME 		A8MPH9
Q9VND8 		FBgn0041191
P25007 		FBgn0004432
Q7K4B6 		FBgn0020312
P61851 		FBgn0003462
Q7K4B3 		FBgn0033540
P61209 		FBgn0010348
Q9VNA5 		FBgn0250746
P25008 		FBgn0004597
Q9W3M9 		FBgn0029977
Q9VLP9 		FBgn0032014
Q9VDH4 		FBgn0038838
Q9W3M2 		FBgn0029986
Q9VFL5 		FBgn0027083
Q24418 		FBgn0010399
Q95RV2 		FBgn0026257
Q94516 		FBgn0019644
Q94517 		FBgn0015805
Q9VE01 		FBgn0038680
Q9VE00 		FBgn0038681
Q24169 		FBgn0015271
Q9VE04 		FBgn0038678
P29829 		FBgn0004623
P51140 		FBgn0000499
Q9VE09 		FBgn0260779
Q86PC9 		FBgn0015721
A1A708 		FBgn0039563
P13054 		FBgn0001323
Q94518 		FBgn0086904
Q94519 		FBgn0011361
P48554 		FBgn0014011
Q9V8Y9 		FBgn0034475
P15215 		FBgn0267348
Q9W5G6 		FBgn0029521
P30052 		FBgn0003345
Q9V8Y7 		FBgn0034473
Q9V7D2 		FBgn0022097
Q9U1I1 		FBgn0263934
Q9V8Y2 		FBgn0034468
Q26263 		FBgn0010109
P29310 		FBgn0004907
Q86BJ3 		FBgn0003089
Q7KVW5 		FBgn0029761
Q9I7I0 		FBgn0015625
Q9I7I7 		FBgn0038788
P35992 		FBgn0004370
Q9VFR1 		FBgn0260464
Q9V998 		FBgn0022224
Q9VAJ4 		FBgn0039678
Q9VAJ3 		FBgn0039679
P02255 		FBgn0053864
Q9V7W1 		FBgn0265174
Q24492 		FBgn0010173
Q7KVY7 		FBgn0024980
Q9VRL2 		FBgn0260856
Q9VRL3 		FBgn0035603
Q9VQY9 		FBgn0261976
Q9W552 		FBgn0014411
Q01603 		FBgn0004577
Q01604 		FBgn0250906
P25867 		FBgn0011217
P09208 		FBgn0283499
Q9V7A7 		FBgn0034008
Q9V7A4 		FBgn0034005
Q9VD76 		FBgn0041229
Q9VD74 		FBgn0045469
Q9VD73 		FBgn0015229
Q960W6 		FBgn0034142
Q9XZU1 		FBgn0022213
Q7KRW1 		FBgn0039668
Q9VSR3 		FBgn0264307
P45975 		FBgn0263755
Q9VUJ0 		FBgn0036462
P29555 		FBgn0000014
A1ZA92 		FBgn0034073
O46040 		FBgn0053548
P28750 		FBgn0000615
P16424 		FBgn0044825
Q8IRY7 		FBgn0020381
Q9VNP5 		FBgn0037205
Q9V730 		FBgn0265974
Q9NFU0 		FBgn0028734
P81924 		FBgn0026399
O61643 		FBgn0024913
P18091 		FBgn0000667
Q9VSD7 		FBgn0035838
P00417 		FBgn0013676
A2VEI2 		FBgn0031893
Q95029 		FBgn0013770
Q9W484 		FBgn0029798
Q9VDT6 		FBgn0038737
Q9W252 		FBgn0034728
Q7KIN0 		FBgn0034476
P08645 		FBgn0004636
P08646 		FBgn0003205
Q9V3Y2 		FBgn0001977
Q9V3Y3 		FBgn0261534
O18475 		FBgn0002905
Q8SYD0 		FBgn0032744
Q24388 		FBgn0002565
O97420 		FBgn0026088
O97422 		FBgn0066114
Q9VM17 		FBgn0031909
P18168 		FBgn0004197
P18169 		FBgn0000427
Q9VYY3 		FBgn0030305
Q9Y0Y7 		FBgn0027498
P10394 		FBgn0043847
P04146 		FBgn0013437
P20349 		FBgn0001281
P20348 		FBgn0001280
Q9VPR4 		FBgn0021874
P83104 		FBgn0046689
P43125 		FBgn0003218
A8JNV4 		FBgn0085284
Q8IPU5 		FBgn0045474
Q24475 		FBgn0011706
Q9V5C6 		FBgn0023175
O62619 		FBgn0267385
P10351 		FBgn0003308
Q7JZM8 		FBgn0034001
P98159 		FBgn0002926
Q9VVU5 		FBgn0027057
P58955 		FBgn0045487
P58954 		FBgn0041249
P58956 		FBgn0264556
P58951 		FBgn0045501
P58950 		FBgn0045502
P58953 		FBgn0045497
P58952 		FBgn0265138
Q9VHI4 		FBgn0040534
Q9W2B1 		FBgn0041238
Q9W2B2 		FBgn0041237
Q24256 		FBgn0004854
Q9V9S7 		FBgn0039883
Q24255 		FBgn0011758
G23AB_DROME 		P83292
Q24251 		FBgn0016120
Q9VQF9 		FBgn0031455
Q9VJE5 		FBgn0020503
Q9VZZ9 		FBgn0016794
Q9V9S8 		FBgn0266268
Q9W020 		FBgn0035336
Q9VGG8 		FBgn0037960
Q9VWD4 		FBgn0031062
P10084 		FBgn0004170
P10083 		FBgn0000022
Q9VGG5 		FBgn0037963
Q9VGG6 		FBgn0037962
Q9W4I5 		FBgn0025612
Q8IN35 		FBgn0038880
P29776 		FBgn0005660
P0C919 		FBgn0260229
Q9U969 		FBgn0003656
Q9VXT2 		FBgn0030658
Q02748 		FBgn0001942
Q9VXT7 		FBgn0030653
Q9VXT5 		FBgn0030655
P35122 		FBgn0010288
Q9VJS8 		FBgn0004858
O46072 		FBgn0001330
O46077 		FBgn0023523
Q24133 		FBgn0263106
Q9V4K2 		FBgn0041243
Q9VGQ9 		FBgn0037883
Q9VZH1 		FBgn0040696
Q9VJS7 		FBgn0264810
Q24134 		FBgn0010416
P23488 		FBgn0004414
Q9V461 		FBgn0025815
Q8SX68 		FBgn0034308
Q9VR07 		FBgn0011603
Q9V464 		FBgn0029094
C0HJH4 		FBgn0266491
Q9V468 		FBgn0027866
P32028 		FBgn0004897
Q8INV7 		FBgn0053117
Q9U6M0 		FBgn0028436
P19018 		FBgn0003742
Q9W1W9 		FBgn0034803
P11596 		FBgn0003741
Q9VYI3 		FBgn0030433
Q9VT08 		FBgn0036009
P16395 		FBgn0000037
Q9VIM5 		FBgn0032859
Q0KHT7 		FBgn0052666
Q9VT04 		FBgn0036007
Q94901 		FBgn0011640
P41073 		FBgn0004401
Q9VKA4 		FBgn0051760
Q9VKA5 		FBgn0032416
P36872 		FBgn0004889
Q05344 		FBgn0010278
O97177 		FBgn0002592
O97176 		FBgn0002578
Q7K480 		FBgn0263144
Q7KLV9 		FBgn0028689
Q9W237 		FBgn0034743
O97179 		FBgn0002632
O97178 		FBgn0002732
Q7KNF2 		FBgn0005648
Q9VTC4 		FBgn0036107
Q9W0C7 		FBgn0035243
P04950 		FBgn0003249
Q9W0H3 		FBgn0035206
Q9VCI5 		FBgn0039112
Q9VCI3 		FBgn0039114
Q9VCI0 		FBgn0039115
Q95TU8 		FBgn0034013
Q8SXL2 		FBgn0038147
Q9VTM5 		FBgn0261381
P10627 		FBgn0003900
Q9VTM0 		FBgn0036192
P42570 		FBgn0003114
7UP2_DROME 		P16376
Q9VVI9 		FBgn0036740
Q9VEX0 		FBgn0040271
Q9VCA9 		FBgn0039172
Q9VVI3 		FBgn0259174
Q9VVI2 		FBgn0036735
Q01989 		FBgn0011225
Q86S05 		FBgn0020279
P19967 		FBgn0000406
P16241 		FBgn0086680
B6VQA1 		FBgn0023091
O76924 		FBgn0025186
Q9VZF4 		FBgn0041171
Q9VQZ6 		FBgn0031604
Q8MSS1 		FBgn0029688
O76922 		FBgn0000146
Q8IH24 		FBgn0037262
Q9VES1 		FBgn0038453
P50445 		FBgn0003302
Q9VQ89 		FBgn0031399
Q9V3U9 		FBgn0029161
Q9TVM2 		FBgn0020497
P83474 		FBgn0259151
Q9W2X7 		FBgn0030183
P33244 		FBgn0001078
Q9VHM2 		FBgn0037622
A1Z6L1 		FBgn0033074
Q8IQ56 		FBgn0044419
Q9W3Y5 		FBgn0029880
Q9U405 		FBgn0001133
Q86P48 		FBgn0039946
Q9W1N6 		FBgn0041233
Q95RI5 		FBgn0014163
P40657 		FBgn0005613
P40656 		FBgn0005612
Q9V496 		FBgn0087002
P07140 		FBgn0000024
P50536 		FBgn0002775
P50535 		FBgn0005617
P50534 		FBgn0005616
P42207 		FBgn0011710
Q24407 		FBgn0016119
Q9VFM9 		FBgn0038206
Q9VYZ1 		FBgn0030298
Q9VYZ2 		FBgn0030297
P09478 		FBgn0000036
Q9VT92 		FBgn0036080
Q9VWE9 		FBgn0031049
Q9VWE6 		FBgn0031052
Q9VWE0 		FBgn0043903
P10403 		FBgn0014964
Q8MSG8 		FBgn0038704
P10401 		FBgn0014966
Q9VYH3 		FBgn0030447
P10405 		FBgn0014965
Q9W5D4 		FBgn0086368
Q9VIQ9 		FBgn0263873
P31264 		FBgn0051481
Q9VB62 		FBgn0005696
P20227 		FBgn0003687
O97172 		FBgn0028746
Q9NEF6 		FBgn0040377
Q9VFS8 		FBgn0038166
P20432 		FBgn0001149
Q9VFS5 		FBgn0024555
P48809 		FBgn0004838
P20439 		FBgn0000405
Q9VFS2 		FBgn0002937
Q9VAI0 		FBgn0039690
Q9VAI1 		FBgn0039689
Q7K2B0 		FBgn0034422
P49869 		FBgn0014859
P49905 		FBgn0011290
P49866 		FBgn0004914
Q24509 		FBgn0011708
P08928 		FBgn0002525
Q9I7D3 		FBgn0042134
P08570 		FBgn0002593
Q9VRM7 		FBgn0003486
P26675 		FBgn0001965
Q7K7A9 		FBgn0025832
P29052 		FBgn0004915
Q8IRH5 		FBgn0035213
P31409 		FBgn0005671
Q9V6G5 		FBgn0026619
O44386 		FBgn0003328
Q9VU02 		FBgn0261933
Q8T626 		FBgn0024510
Q9VSU7 		FBgn0035965
Q9VRJ2 		FBgn0035586
P07764 		FBgn0000064
Q9VCF0 		FBgn0039136
P13060 		FBgn0000559
Q9VUI3 		FBgn0259099
P29617 		FBgn0004595
P08255 		FBgn0003250
P29615 		FBgn0004429
P82891 		FBgn0040076
Q8MKJ4 		FBgn0043534
Q9V727 		FBgn0261823
Q9V726 		FBgn0024698
P09090 		FBgn0004054
P29503 		FBgn0002932
Q9VN45 		FBgn0037265
Q9VN41 		FBgn0037263
Q01295 		FBgn0283451
O76324 		FBgn0002413
Q9NFZ3 		FBgn0267252
PANG2_DROME 		Q8IMA8
Q8SWX0 		FBgn0036826
Q9VYF8 		FBgn0030460
Q9U4L6 		FBgn0016041
O01367 		FBgn0264491
Q01617 		FBgn0263995
O96827 		FBgn0028737
Q9NJB5 		FBgn0028996
Q8MV48 		FBgn0030930
Q9V3X4 		FBgn0040336
Q9VGY5 		FBgn0037822
P55841 		FBgn0017579
Q24395 		FBgn0014865
Q24211 		FBgn0016976
P92029 		FBgn0260775
Q9VY86 		FBgn0030522
P49283 		FBgn0011672
Q8IMU4 		FBgn0051115
Q8SYG2 		FBgn0027055
P18173 		FBgn0001112
Q9VPS5 		FBgn0011244
Q9VM08 		FBgn0045495
Q9NB71 		FBgn0030600
P55828 		FBgn0019936
Q05192 		FBgn0261239
Q9V3J8 		FBgn0040066
Q0KI28 		FBgn0083967
Q9W589 		FBgn0027791
Q960Z0 		FBgn0030268
P16905 		FBgn0259243
P16909 		FBgn0086915
P00334 		FBgn0000055
Q9W0P5 		FBgn0035147
Q7JRP4 		FBgn0033610
Q9W0P3 		FBgn0035149
Q4V6M7 		FBgn0050157
Q9NGX9 		FBgn0000449
A1Z7G7 		FBgn0033313
Q9W0P8 		FBgn0035145
P98163 		FBgn0004649
P58960 		FBgn0041245
P58961 		FBgn0041241
P58962 		FBgn0041239
Q9VL72 		FBgn0032157
Q9VCB1 		FBgn0039170
Q9VL78 		FBgn0029174
P14083 		FBgn0266129
Q24247 		FBgn0004456
Q24246 		FBgn0003654
Q8IMX7 		FBgn0039140
Q9V4Z9 		FBgn0002552
Q7M3M8 		FBgn0004878
Q9VQE7 		FBgn0041248
Q9VJB6 		FBgn0262018
Q24248 		FBgn0015904
Q9W5B6 		FBgn0040337
Q9VLR9 		FBgn0031997
Q9VNG1 		FBgn0037360
Q9VNG0 		FBgn0037359
P20240 		FBgn0266420
P20241 		FBgn0264975
P54350 		FBgn0011737
Q9V4T5 		FBgn0015034
Q9V4T3 		FBgn0033292
Q9VQK0 		FBgn0025681
Q8IN78 		FBgn0051229
Q7KUT2 		FBgn0036892
G39AC_DROME 		P58958
Q9VED0 		FBgn0038569
Q9VGP1 		FBgn0037897
Q9W130 		FBgn0015040
Q9VGP2 		FBgn0037896
Q9VGP6 		FBgn0264694
Q9VZI3 		FBgn0035498
Q95R48 		FBgn0086365
Q0E940 		FBgn0034237
Q9VV73 		FBgn0036640
Q9VV74 		FBgn0036641
P32030 		FBgn0003430
P32031 		FBgn0004567
Q9U6L5 		FBgn0004181
Q9U6L4 		FBgn0015558
Q9V9E3 		FBgn0033005
B4F7L9 		FBgn0267449
P10180 		FBgn0004198
P10181 		FBgn0003267
Q86B47 		FBgn0027602
P11584 		FBgn0004657
P26017 		FBgn0003042
P26016 		FBgn0004509
Q9W1A2 		FBgn0034982
Q9VIL0 		FBgn0261787
P26019 		FBgn0259113
P81641 		FBgn0000078
Q9W1A4 		FBgn0041582
P19351 		FBgn0004169
Q9V4W1 		FBgn0033316
Q9VDG2 		FBgn0026056
A1Z746 		FBgn0000337
Q7JQF1 		FBgn0024944
P21914 		FBgn0014028
Q9VKI3 		FBgn0014076
Q9VVX0 		FBgn0036850
P36193 		FBgn0010388
P36192 		FBgn0010385
Q9VVX5 		FBgn0026630
Q24093 		FBgn0014906
P23625 		FBgn0004435
Q9VAT2 		FBgn0039601
Q4Z8K6 		FBgn0262114
Q9VH90 		FBgn0037734
Q9W223 		FBgn0034756
Q8MKL1 		FBgn0050010
P10987 		FBgn0000042
Q2PE14 		FBgn0035021
P10981 		FBgn0000046
Q9VS05 		FBgn0045759
Q9VSF3 		FBgn0035853
Q9W2M2 		FBgn0003748
Q9VAZ3 		FBgn0039551
A1ZAI5 		FBgn0034145
Q9VTN0 		FBgn0041231
Q9VTN3 		FBgn0036204
Q8MR45 		FBgn0033431
TPM4_DROME 		P49455
P22468 		FBgn0001099
P22469 		FBgn0004052
P22464 		FBgn0000083
P22465 		FBgn0000084
Q9VVN6 		FBgn0036778
Q9VVN4 		FBgn0002901
Q8IRW8 		FBgn0023518
Q9VXG1 		FBgn0026575
P54611 		FBgn0283535
Q9VXG4 		FBgn0030749
O02193 		FBgn0014340
Q9VXG8 		FBgn0004367
Q9W4Y2 		FBgn0260753
Q9V4F9 		FBgn0039923
Q9VIW3 		FBgn0003346
O77263 		FBgn0025629
P37159 		FBgn0004428
O77264 		FBgn0025630
Q03751 		FBgn0004179
Q9VX98 		FBgn0030802
A1Z8N1 		FBgn0050035
P41894 		FBgn0263118
P08144 		FBgn0000079
Q9VX91 		FBgn0030809
Q9VAI6 		FBgn0039685
E75BB_DROME 		P13055
P38040 		FBgn0004921
Q24320 		FBgn0003275
P15364 		FBgn0000071
Q9VYY9 		FBgn0262740
Q24478 		FBgn0000283
P15330 		FBgn0260632
O77460 		FBgn0016687
Q24472 		FBgn0015799
Q9VFB7 		FBgn0038303
Q9VYY2 		FBgn0030306
Q9VET0 		FBgn0027109
Q9VYY4 		FBgn0030304
P47938 		FBgn0011761
Q9VDD7 		FBgn0250820
Q7YZH1 		FBgn0035106
Q9VK33 		FBgn0032475
Q9VDD3 		FBgn0260004
Q9U1K1 		FBgn0003475
Q9VDD1 		FBgn0038868
P29775 		FBgn0005659
P29774 		FBgn0005658
O77086 		FBgn0259228
Q9VDD9 		FBgn0038861
P07487 		FBgn0001092
P07486 		FBgn0001091
Q9VK13 		FBgn0032493
C0HJH3 		FBgn0266492
Q9VIP8 		FBgn0003978
Q9VIP7 		FBgn0045064
Q9VB74 		FBgn0039488
Q9W5E1 		FBgn0025638
Q9W5E0 		FBgn0025639
Q9VB70 		FBgn0039492
Q03334 		FBgn0010265
P48810 		FBgn0004237
Q27869 		FBgn0086768
Q8T3L6 		FBgn0036691
Q9VFP1 		FBgn0038194
Q9VFP2 		FBgn0264493
Q9Y1A3 		FBgn0027359
Q9NLA6 		FBgn0011818
Q9VF71 		FBgn0038332
P13678 		FBgn0003093
Q9VF78 		FBgn0026634
Q9VAH4 		FBgn0039694
P13677 		FBgn0004784
O46084 		FBgn0023517
P52302 		FBgn0002440
Q9VRJ8 		FBgn0035592
Q9VRJ9 		FBgn0035593
P52304 		FBgn0003124
P91615 		FBgn0000056
O44437 		FBgn0023167
Q9VRJ0 		FBgn0263831
Q9VRJ1 		FBgn0028962
Q9VF81 		FBgn0038324
Q8IRI6 		FBgn0264574
Q11002 		FBgn0012051
Q9W1V1 		FBgn0034817
MYSP2_DROME 		P35416
Q9VTE5 		FBgn0010741
Q9VPP5 		FBgn0031252
P28518 		FBgn0004832
Q9TVP3 		FBgn0027654
Q08694 		FBgn0004425
Q4LBB9 		FBgn0038063
Q9VBX1 		FBgn0259152
Q9VBX2 		FBgn0039280
Q23997 		FBgn0013763
Q9Y0A7 		FBgn0003270
Q9VH36 		FBgn0037780
Q9VLA1 		FBgn0032135
Q9VSF2 		FBgn0035851
Q9VLA2 		FBgn0019809
Q01068 		FBgn0002609
Q01069 		FBgn0002733
Q9VSF4 		FBgn0035854
P09085 		FBgn0000251
Q9VNV3 		FBgn0015075
P09087 		FBgn0000015
P09081 		FBgn0000166
P25932 		FBgn0001981
P09083 		FBgn0001147
P09082 		FBgn0001148
Q9VN50 		FBgn0037270
O01352 		FBgn0019828
Q9VUF8 		FBgn0003388
Q24567 		FBgn0015773
P25160 		FBgn0000115
P25843 		FBgn0000308
Q9V8M2 		FBgn0034387
A1ZAB5 		FBgn0034087
Q9VCD0 		FBgn0039153
Q7K5N4 		FBgn0262166
Q9VPB1 		FBgn0037026
Q8ML70 		FBgn0053470
O96838 		FBgn0028741
Q7KSC4 		FBgn0038662
Q8SX83 		FBgn0016977
Q9W3T5 		FBgn0052736
Q8SX86 		FBgn0035461
P22265 		FBgn0003866
Q9V668 		FBgn0033691
P35554 		FBgn0005633
Q9VPT1 		FBgn0041250
Q9VPT7 		FBgn0031284
P35220 		FBgn0010215
Q8ML92 		FBgn0050476
Q04691 		FBgn0000639
Q9VPT8 		FBgn0015621
Q04164 		FBgn0002306
Q9VRX6 		FBgn0024177
P10379 		FBgn0004055
Q9VRX3 		FBgn0052396
Q8IA43 		FBgn0051776
Q9W596 		FBgn0259108
Q8IA41 		FBgn0036528
Q9W594 		FBgn0265139
P23779 		FBgn0004629
Q9W590 		FBgn0266284
P24156 		FBgn0002031
Q9I7S8 		FBgn0020513
Q9XZS3 		FBgn0026879
P16914 		FBgn0260400
P16912 		FBgn0000489
P16911 		FBgn0000274
Q9VIF0 		FBgn0032925
Q9VAC5 		FBgn0039734
Q9VJ87 		FBgn0086707
Q9W0S9 		FBgn0024806
P05990 		FBgn0003189
Q7K1Y4 		FBgn0033972
Q9VL00 		FBgn0032214
P05552 		FBgn0000054
Q9U5W9 		FBgn0028398
O15943 		FBgn0015609
O15945 		FBgn0264075
Q24270 		FBgn0001991
P35421 		FBgn0000052
Q6NP60 		FBgn0037153
Q01083 		FBgn0005672
Q24276 		FBgn0011573
P04052 		FBgn0003277
Q24278 		FBgn0261612
Q9VQD2 		FBgn0031432
P26802 		FBgn0004556
Q9VQD6 		FBgn0031435
Q9VJC7 		FBgn0032646
P54351 		FBgn0266464
Q9VLS9 		FBgn0031987
P54193 		FBgn0011281
Q7JVI3 		FBgn0033902
P54192 		FBgn0011280
Q9XZH6 		FBgn0283536
Q9V4U7 		FBgn0033302
Q9VZV5 		FBgn0266918
Q9VJQ5 		FBgn0028926
Q9VJQ4 		FBgn0001974
Q9VEC3 		FBgn0038576
Q9VEC1 		FBgn0038578
Q9V4U9 		FBgn0033304
Q9VW97 		FBgn0260397
Q8T088 		FBgn0037943
Q8INT5 		FBgn0023090
Q95078 		FBgn0010383
Q9VJ07 		FBgn0032749
P15619 		FBgn0005642
Q9W107 		FBgn0035064
Q9V6A9 		FBgn0033727
P32027 		FBgn0014143
O61305 		FBgn0024804
Q7JQW6 		FBgn0029158
P32029 		FBgn0004898
Q9V407 		FBgn0026597
Q9VV43 		FBgn0266417
Q9V9Z9 		FBgn0039828
Q7JWW5 		FBgn0033375
Q9GNL3 		FBgn0030090
P18432 		FBgn0002773
P26023 		FBgn0003086
Q9VPT5 		FBgn0031282
P34021 		FBgn0000546
Q9V6L9 		FBgn0043010
P18431 		FBgn0003371
Q8I0G5 		FBgn0028968
P49071 		FBgn0013987
P12613 		FBgn0003676
Q8T053 		FBgn0014931
A8JUP7 		FBgn0030925
Q24087 		FBgn0002707
P22711 		FBgn0004110
Q45VV3 		FBgn0034970
Q94511 		FBgn0017566
Q9VVY3 		FBgn0036862
Q8IMP6 		FBgn0027574
Q9W0E8 		FBgn0043458
P82982 		FBgn0041625
P35128 		FBgn0000173
Q9VCK0 		FBgn0040227
Q9VJ26 		FBgn0032731
Q9VXV9 		FBgn0030634
P82984 		FBgn0041623
Q9VAY3 		FBgn0039561
Q9VS34 		FBgn0035753
Q9VMY1 		FBgn0031651
Q9VS36 		FBgn0016036
Q9VN27 		FBgn0037251
Q9VS38 		FBgn0035754
P52487 		FBgn0017456
P41126 		FBgn0011272
Q9VN25 		FBgn0037249
A1Z7Z9 		FBgn0033447
P12024 		FBgn0267435
Q7K4Q5 		FBgn0033021
Q9VXH9 		FBgn0030739
Q9VXH6 		FBgn0260450
Q9VZD2 		FBgn0035537
Q9VT20 		FBgn0036019
Q9VZD5 		FBgn0035534
Q8IA42 		FBgn0051956
Q9VZD8 		FBgn0035532
O76906 		FBgn0000376
Q9VQX4 		FBgn0031589
Q9VT28 		FBgn0016081
Q00725 		FBgn0003374
Q9VUY9 		FBgn0003076
Q9VIR2 		FBgn0044811
Q9VUY0 		FBgn0036565
Q0KHQ5 		FBgn0031030
P33269 		FBgn0005670
B5A5T4 		FBgn0260499
Q9VWU1 		FBgn0030926
Q9VYX7 		FBgn0030310
Q9VB98 		FBgn0039466
Q9W1L5 		FBgn0262728
Q9VYX1 		FBgn0000618
Q9VZ23 		FBgn0020255
P17276 		FBgn0001208
Q8I0P1 		FBgn0039141
P13468 		FBgn0000810
P13469 		FBgn0002780
O77410 		FBgn0025582
Q9VKU7 		FBgn0026431
Q0KHU5 		FBgn0052699
P47948 		FBgn0010423
Q9VDZ3 		FBgn0010768
Q9VFC0 		FBgn0038300
Q9VDE5 		FBgn0010770
Q9VDE6 		FBgn0266674
Q94529 		FBgn0019982
Q94527 		FBgn0014018
Q94526 		FBgn0017561
P29742 		FBgn0000319
Q94524 		FBgn0024432
Q94523 		FBgn0261439
Q94522 		FBgn0004888
P29746 		FBgn0001090
Q9W3R7 		FBgn0029943
Q9VG98 		FBgn0010038
Q9VG93 		FBgn0010043
Q9VG96 		FBgn0010040
Q9VG97 		FBgn0010039
Q9VG94 		FBgn0010042
Q9VG95 		FBgn0010041
Q9V7P1 		FBgn0262560
P39413 		FBgn0005694
Q86LG1 		FBgn0030795
P29349 		FBgn0000382
Q9U5L1 		FBgn0010391
P25123 		FBgn0004244
Q94981 		FBgn0017418
Q9VHQ6 		FBgn0037591
Q960E8 		FBgn0033929
Q9VRK8 		FBgn0016031
Q9VD26 		FBgn0038950
PDE4C_DROME 		Q9W4S9
Q07152 		FBgn0003204
O44424 		FBgn0023506
P91622 		FBgn0017558
P91623 		FBgn0001138
Q9VD28 		FBgn0038948
Q9W0S3 		FBgn0035124
O44342 		FBgn0004003
Q9VFB2 		FBgn0038307
Q7KRR5 		FBgn0033050
A8JQ65 		FBgn0085413
Q27297 		FBgn0003479
Q27294 		FBgn0011571
P05084 		FBgn0001180
Q9VUW9 		FBgn0259824
P02518 		FBgn0001226
P02516 		FBgn0001224
P02517 		FBgn0001225
Q23985 		FBgn0000524
P02515 		FBgn0001223
Q23983 		FBgn0250791
Q23982 		FBgn0011694
Q9W4X9 		FBgn0004643
Q8MRQ4 		FBgn0037689
P91931 		FBgn0019932
Q01071 		FBgn0002734
Q01070 		FBgn0002735
P91938 		FBgn0020653
Q32KD2 		FBgn0086908
Q9W4X7 		FBgn0029629
Q9VC35 		FBgn0027539
Q8T9B6 		FBgn0004132
Q9V3Z6 		FBgn0000317
O18391 		FBgn0020545
P27619 		FBgn0003392
Q9VPC0 		FBgn0016696
Q9V9X4 		FBgn0039849
B7Z0I7 		FBgn0259199
Q9VBG6 		FBgn0039417
Q9VR52 		FBgn0014395
Q9W040 		FBgn0035317
VASA2_DROME 		B6JUP5
Q9VDW6 		FBgn0260003
P22270 		FBgn0004514
Q9N658 		FBgn0002573
Q9V675 		FBgn0033696
Q9V674 		FBgn0025454
Q9V677 		FBgn0033698
Q9V676 		FBgn0033697
Q04688 		FBgn0004510
Q6J5K9 		FBgn0041164
Q9V3L6 		FBgn0022943
Q9VPU8 		FBgn0020305
Q27606 		FBgn0014469
Q27607 		FBgn0004406
P32234 		FBgn0010339
P08120 		FBgn0000299
Q7KTH8 		FBgn0261437
Q86BS6 		FBgn0035247
A1Z7U3 		FBgn0053774
Q9W415 		FBgn0029857
O97148 		FBgn0023000
Q8IPH9 		FBgn0264087
KGP25_DROME 		P32023
Q8IFW4 		FBgn0029752
Q8IR45 		FBgn0052590
Q9VGA2 		FBgn0038018
P02844 		FBgn0005391
Q9W0R6 		FBgn0035131
Q9W0R5 		FBgn0035132
P02840 		FBgn0003373
P02841 		FBgn0003377
P02842 		FBgn0003378
P02843 		FBgn0004045
Q9VL13 		FBgn0259482
Q05319 		FBgn0003319
P05527 		FBgn0001269
O97143 		FBgn0026371
Q9VMP9 		FBgn0031717
Q9VL18 		FBgn0032198
Q9VK41 		FBgn0032470
Q9VNE2 		FBgn0250753
Q24192 		FBgn0014380
Q9VNE7 		FBgn0044823
Q9W4K2 		FBgn0029708
Q9VLL0 		FBgn0027780
Q24266 		FBgn0000233
Q9VNE9 		FBgn0037351
Q9V9P3 		FBgn0032971
Q9VM65 		FBgn0031871
Q9VM64 		FBgn0031872
Q9VI82 		FBgn0037489
P27716 		FBgn0004646
A8DYE2 		FBgn0265194
Q9VZW5 		FBgn0035385
Q8T8R1 		FBgn0034802
P10105 		FBgn0002522
Q9VQI9 		FBgn0041111
Q9VEB3 		FBgn0038585
Q9VEB5 		FBgn0038582
Q9VZW8 		FBgn0035382
P42286 		FBgn0003701
P42287 		FBgn0001137
P07909 		FBgn0001215
P42282 		FBgn0003870
P42283 		FBgn0283521
P42280 		FBgn0011556
P42281 		FBgn0010387
Q9VGR2 		FBgn0037880
P25724 		FBgn0002962
P25722 		FBgn0024230
P25723 		FBgn0003719
A1ZBW7 		FBgn0034529
Q9V419 		FBgn0028940
P11346 		FBgn0003079
Q9V411 		FBgn0028473
Q95T64 		FBgn0035975
Q9VK07 		FBgn0032499
Q9V412 		FBgn0028919
P14199 		FBgn0003231
Q9XYM0 		FBgn0024811
Q9GNK5 		FBgn0035976
Q9VKB4 		FBgn0032408
Q8INK9 		FBgn0267376
Q9VR56 		FBgn0031189
Q8INK6 		FBgn0037906
Q9VKB9 		FBgn0027505
P19339 		FBgn0264270
Q7JWD3 		FBgn0033191
P84040 		FBgn0013981
Q8T045 		FBgn0086253
Q6NN40 		FBgn0033457
Q9VLS1 		FBgn0031995
P19334 		FBgn0003861
P25439 		FBgn0000212
P22700 		FBgn0263006
Q9VAF0 		FBgn0039714
P81911 		FBgn0026396
Q9VMJ7 		FBgn0031759
Q9VJ38 		FBgn0032720
P81910 		FBgn0026397
Q95SX8 		FBgn0036039
Q9W2U9 		FBgn0030204
Q9VR50 		FBgn0031183
Q9W2U4 		FBgn0030208
Q9VJ33 		FBgn0032725
Q95SX7 		FBgn0044506
Q9VJ34 		FBgn0032724
Q9VR59 		FBgn0027279
Q9VVL6 		FBgn0036761
Q9VMX0 		FBgn0031660
Q9VMX6 		FBgn0031655
Q9VS29 		FBgn0265296
Q1LZ08 		FBgn0033607
Q9VS24 		FBgn0023001
P48604 		FBgn0014877
Q9VHP4 		FBgn0037601
Q9VHP0 		FBgn0263231
P49657 		FBgn0259168
Q9VEP1 		FBgn0038471
P15007 		FBgn0000579
Q9VZ09 		FBgn0003411
Q9VI25 		FBgn0037447
Q9W5N0 		FBgn0039965
Q24188 		FBgn0016032
Q9NDJ2 		FBgn0020306
Q9VZE7 		FBgn0035523
Q9VZE6 		FBgn0035524
Q24180 		FBgn0013799
Q24186 		FBgn0002590
Q24185 		FBgn0001202
E1JI63 		FBgn0035815
Q8MMF9 		FBgn0043536
A1Z6K7 		FBgn0033069
Q9VUX3 		FBgn0044028
Q9VUX2 		FBgn0263601
P39768 		FBgn0003002
Q9NBX4 		FBgn0041612
Q9NBX5 		FBgn0041613
A1Z9A8 		FBgn0033816
P33270 		FBgn0000473
C0HJX5 		FBgn0259731
C0HJX4 		FBgn0259730
Q24451 		FBgn0011740
Q95RJ9 		FBgn0263933
Q9W1M8 		FBgn0034880
Q9W5U2 		FBgn0250907
P22808 		FBgn0261930
P22809 		FBgn0004862
Q0KHY3 		FBgn0051004
Q24459 		FBgn0003044
M9NDE3 		FBgn0031571
Q9VTH4 		FBgn0041094
Q06453 		FBgn0000061
Q8MKK4 		FBgn0033644
Q9U1M2 		FBgn0040384
Q00449 		FBgn0004512
P56538 		FBgn0034915
Q9VH95 		FBgn0037728
Q07327 		FBgn0004574
Q94887 		FBgn0013997
Q7KU86 		FBgn0053276
Q9V3P6 		FBgn0028692
P04388 		FBgn0003206
Q8MKK0 		FBgn0043535
Q9VIV3 		FBgn0032793
Q9VG82 		FBgn0038037
P22769 		FBgn0004066
Q27350 		FBgn0003460
B7Z0K8 		FBgn0259244
Q9V7S5 		FBgn0024315
P06754 		FBgn0003721
Q9VY28 		FBgn0030572
Q24522 		FBgn0259176
Q24524 		FBgn0003447
Q9VGS2 		FBgn0037874
Q9VAN0 		FBgn0014427
P08970 		FBgn0003567
Q9VAN6 		FBgn0041186
P18502 		FBgn0003892
Q0E9G3 		FBgn0033224
Q9V931 		FBgn0034509
P04323 		FBgn0014453
Q8SY96 		FBgn0053502
Q8INX3 		FBgn0032698
Q7K175 		FBgn0033686
Q9V938 		FBgn0050145
Q4V622 		FBgn0033058
Q8IRG6 		FBgn0002183
Q9VUV9 		FBgn0263599
P49258 		FBgn0011273
P91685 		FBgn0019985
Q9VWF2 		FBgn0087008
P49906 		FBgn0011291
Q9VHD3 		FBgn0037696
P13095 		FBgn0002629
Q8MZC4 		FBgn0039360
P13097 		FBgn0002633
P13096 		FBgn0002631
O44252 		FBgn0011705
O61307 		FBgn0004449
P84345 		FBgn0013673
P91927 		FBgn0019886
P91926 		FBgn0264855
Q9VSH4 		FBgn0035872
Q9VLC1 		FBgn0032117
P91928 		FBgn0019960
Q9VSH3 		FBgn0035871
Q9VSH2 		FBgn0035870
Q9VIU7 		FBgn0032799
O01404 		FBgn0283509
A1Z6W3 		FBgn0003090
Q9W445 		FBgn0029833
Q8MLV1 		FBgn0034657
O18381 		FBgn0005558
Q8IA44 		FBgn0036527
P20659 		FBgn0003862
Q59DY5 		FBgn0053533
O18388 		FBgn0262743
Q9NG98 		FBgn0040268
Q9V5Q4 		FBgn0033556
P39205 		FBgn0000316
Q9VRH6 		FBgn0024182
Q01644 		FBgn0004174
Q01645 		FBgn0004175
Q01642 		FBgn0004172
Q01643 		FBgn0004173
P11420 		FBgn0267821
Q9XYZ5 		FBgn0260962
P28668 		FBgn0005674
Q9W1X8 		FBgn0267823
P17886 		FBgn0000377
Q9VF30 		FBgn0003227
P20385 		FBgn0000286
Q9GN97 		FBgn0260458
P83102 		FBgn0027101
P83103 		FBgn0046706
P83100 		FBgn0267339
P83101 		FBgn0046332
P08111 		FBgn0002121
Q23972 		FBgn0016070
Q9VRV7 		FBgn0035692
P27779 		FBgn0000551
P25992 		FBgn0005596
Q9VNT5 		FBgn0037170
A1Z897 		FBgn0033523
P05303 		FBgn0000557
Q0KIC3 		FBgn0263346
P17972 		FBgn0003386
P17970 		FBgn0262593
P17971 		FBgn0005564
Q95SK3 		FBgn0050291
Q9W2F2 		FBgn0034641
Q9VQQ9 		FBgn0266670
Q7JW27 		FBgn0033692
Q9VHM6 		FBgn0037618
Q7YU24 		FBgn0029870
Q7KV19 		FBgn0053243
Q04787 		FBgn0000529
Q7KV14 		FBgn0053238
Q7KV15 		FBgn0053241
Q7KV12 		FBgn0053245
Q7KV13 		FBgn0053237
Q9VLM5 		FBgn0263852
Q9V9W8 		FBgn0043900
Q9V6Q2 		FBgn0040477
Q24212 		FBgn0016975
Q24210 		FBgn0013759
Q9VNJ5 		FBgn0029088
Q9W4E2 		FBgn0266098
Q9VLM8 		FBgn0027094
Q24214 		FBgn0015614
Q9VGC3 		FBgn0037998
P42279 		FBgn0011554
P42278 		FBgn0011555
P42271 		FBgn0010097
P42276 		FBgn0050031
Q9V8K2 		FBgn0266671
A1ZBT5 		FBgn0034503
O46036 		FBgn0020496
O46037 		FBgn0004397
Q9XZJ4 		FBgn0263121
Q86B87 		FBgn0002781
Q9VZ40 		FBgn0030258
Q9VQH2 		FBgn0283531
P09491 		FBgn0004117
E9NA96 		FBgn0031634
Q9V427 		FBgn0027108
Q05547 		FBgn0003132
Q7K284 		FBgn0033842
Q9V422 		FBgn0024245
O02195 		FBgn0015834
O02194 		FBgn0019947
Q8INZ2 		FBgn0045485
Q9V429 		FBgn0040070
Q8INZ1 		FBgn0046888
Q24324 		FBgn0010269
Q24325 		FBgn0011836
Q24322 		FBgn0011259
Q24323 		FBgn0011260
Q05783 		FBgn0004362
Q4V5A3 		FBgn0015561
O16102 		FBgn0023395
Q9VK34 		FBgn0024291
P05623 		FBgn0003034
Q9V3A6 		FBgn0261274
Q9V3A4 		FBgn0002022
P27398 		FBgn0003464
P19107 		FBgn0000121
P19109 		FBgn0003261
Q8SZZ8 		FBgn0038860
Q9VQ36 		FBgn0086698
Q9V5P6 		FBgn0033548
Q8T079 		FBgn0043456
O46106 		FBgn0014366
O46107 		FBgn0023496
O46108 		FBgn0023495
Q9W278 		FBgn0034707
Q02308 		FBgn0001169
P46824 		FBgn0010235
Q9V333 		FBgn0033233
Q9W0G1 		FBgn0267487
Q9VEA5 		FBgn0263757
P82983 		FBgn0041624
P37160 		FBgn0004430
BRC4_DROME 		Q24206
Q9VXX8 		FBgn0030616
P82986 		FBgn0041621
Q7JRE4 		FBgn0034962
Q9VS59 		FBgn0082598
Q9VMW8 		FBgn0031662
Q9VMW9 		FBgn0031661
Q9VMW7 		FBgn0031663
Q9VS50 		FBgn0035766
P07191 		FBgn0002569
Q9VHQ7 		FBgn0037590
Q961G1 		FBgn0031536
Q9VNL3 		FBgn0037402
Q9VHQ2 		FBgn0037594
P14599 		FBgn0000108
Q9NBK5 		FBgn0003744
Q9VXJ0 		FBgn0030731
Q5BI42 		FBgn0034498
Q7K4W1 		FBgn0034214
Q9W303 		FBgn0026415
Q9VI10 		FBgn0261789
P18167 		FBgn0000594
Q86B79 		FBgn0004395
Q24439 		FBgn0016691
Q9V4A7 		FBgn0025740
Q9VGZ8 		FBgn0037811
Q06849 		FBgn0004908
Q9V568 		FBgn0033404
P49735 		FBgn0014861
P48608 		FBgn0011202
P48609 		FBgn0013762
Q8T498 		FBgn0261570
Q9Y140 		FBgn0027583
Q9VWW0 		FBgn0265784
P48605 		FBgn0015019
P48607 		FBgn0003495
Q9VZ08 		FBgn0030286
P48601 		FBgn0015282
P48602 		FBgn0265262
P48603 		FBgn0011570
Q8MQJ9 		FBgn0010300
P22810 		FBgn0004102
P22813 		FBgn0001222
P22812 		FBgn0003882
P22815 		FBgn0000206
P22814 		FBgn0003300
P22817 		FBgn0001247
P16378 		FBgn0001122
Q9W1J3 		FBgn0034908
P16375 		FBgn0003651
P16371 		FBgn0001139
Q9VJ29 		FBgn0032728
O77438 		FBgn0027343
Q9VTI8 		FBgn0036165
Q9W1X4 		FBgn0010660
P25931 		FBgn0004842
Q9W1X7 		FBgn0034795
Q9VB26 		FBgn0046887
Q9XZ08 		FBgn0027535
Q9VB25 		FBgn0004387
Q9W5X9 		FBgn0031082
Q967S7 		FBgn0044442
Q94545 		FBgn0000139
Q9W1X9 		FBgn0034793
Q94547 		FBgn0017550
Q94546 		FBgn0019637
O61231 		FBgn0024733
Q9VKY2 		FBgn0027568
P06742 		FBgn0002772
P47980 		FBgn0011837
Q9VHF2 		FBgn0037683
Q9VKY8 		FBgn0032224
P20478 		FBgn0001145
Q9VAM6 		FBgn0062442
P18459 		FBgn0005626
Q9V3Q6 		FBgn0026323
Q9VAM9 		FBgn0039650
P20477 		FBgn0001142
Q03017 		FBgn0000250
P37161 		FBgn0004431
Q9BJZ5 		FBgn0023441
Q9VCQ3 		FBgn0039058
Q24537 		FBgn0278608
Q24536 		FBgn0015300
Q24535 		FBgn0004101
Q24533 		FBgn0000411
Q07553 		FBgn0010197
Q03019 		FBgn0002673
Q9V3K3 		FBgn0040075
Q8WSF3 		FBgn0045063
Q9VF87 		FBgn0038320
A8JUV0 		FBgn0265630
Q9VWR8 		FBgn0030946
P09052 		FBgn0262526
Q9VA38 		FBgn0011739
Q9V7U0 		FBgn0034157
Q9VSY6 		FBgn0023129
Q9VF89 		FBgn0038319
Q9VSY4 		FBgn0035989
A1ZA47 		FBgn0265991
Q9VUU5 		FBgn0040230
P16568 		FBgn0000183
O44081 		FBgn0259937
Q9VAY7 		FBgn0039557
P48994 		FBgn0005614
Q9VWA1 		FBgn0024814
Q9VBW9 		FBgn0039283
Q94890 		FBgn0016660
Q9VWA8 		FBgn0036964
Q9VBW6 		FBgn0039286
Q9VBW3 		FBgn0022800
Q9VSK8 		FBgn0035900
P09615 		FBgn0004009
P17704 		FBgn0005533
P09180 		FBgn0003279
Q9U4H5 		FBgn0000077
A1Z9X0 		FBgn0261854
Q9VUC6 		FBgn0267795
Q9VC57 		FBgn0039213
Q9W2E1 		FBgn0050263
Q26365 		FBgn0003360
Q9V3Q2 		FBgn0028946
O76927 		FBgn0015521
Q9I7U4 		FBgn0086906
Q26366 		FBgn0003975
Q7KSD8 		FBgn0053520
O61613 		FBgn0020392
Q7KTX8 		FBgn0003415
Q9VYB7 		FBgn0086674
P91641 		FBgn0013531
Q9VYB0 		FBgn0030501
P91645 		FBgn0263111
Q9W5N2 		FBgn0040007
Q9VDQ0 		FBgn0260466
O96860 		FBgn0026141
Q9VDQ7 		FBgn0243511
P13238 		FBgn0003980
P23380 		FBgn0262736
Q8SWR3 		FBgn0029768
O16829 		FBgn0000279
Q8SWR8 		FBgn0041188
Q9V3N8 		FBgn0261882
Q2MGL3 		FBgn0066304
Q9VPW1 		FBgn0015905
P83119 		FBgn0045442
P83118 		FBgn0045443
Q9VWA2 		FBgn0036959
Q9V5N8 		FBgn0024836
P92204 		FBgn0017430
P92201 		FBgn0020637
Q9W4Z4 		FBgn0044047
Q9NBW1 		FBgn0027342
Q09332 		FBgn0014075
Q8SY41 		FBgn0266019
Q9VZS3 		FBgn0035423
P92208 		FBgn0000229
Q9NIP6 		FBgn0039722
P54269 		FBgn0015919
Q05337 		FBgn0010223
Q9VHN9 		FBgn0086679
Q9W0T1 		FBgn0000541
Q9VHN5 		FBgn0037609
Q9VHN6 		FBgn0037608
Q9Y149 		FBgn0027592
Q9W0T5 		FBgn0035113
Q59E36 		FBgn0261573
Q7JW12 		FBgn0034455
P00399 		FBgn0013674
Q27571 		FBgn0011676
Q27575 		FBgn0017556
Q9VL32 		FBgn0028675
Q9VL31 		FBgn0032189
Q9VJN5 		FBgn0001990
Q9W092 		FBgn0022702
Q9V9V9 		FBgn0039859
Q24208 		FBgn0263740
Q9VNK9 		FBgn0037399
P23257 		FBgn0260639
Q9VGB3 		FBgn0038007
Q9V780 		FBgn0033984
P10035 		FBgn0001170
Q9V785 		FBgn0033988
Q9V784 		FBgn0033989
Q24207 		FBgn0011206
Q9VGB4 		FBgn0038006
Q7JXV9 		FBgn0022027
O18405 		FBgn0019925
Q94899 		FBgn0013746
Q9VK45 		FBgn0021796
Q8MLY8 		FBgn0039713
Q9NKV0 		FBgn0034051
Q9V4P1 		FBgn0261385
Q9VZU2 		FBgn0024194
Q27884 		FBgn0003139
Q05201 		FBgn0000320
Q9V431 		FBgn0027885
Q7KKH3 		FBgn0033379
O16130 		FBgn0023170
Q9VKJ1 		FBgn0032348
Q7KT91 		FBgn0028916
Q9NJG9 		FBgn0020887
Q9V6D6 		FBgn0033753
Q7KW39 		FBgn0023537
Q24337 		FBgn0011586
Q7K2D2 		FBgn0021825
Q8MVS5 		FBgn0001970
Q27403 		FBgn0014179
Q94514 		FBgn0019624
O46080 		FBgn0023520
O97394 		FBgn0021764
Q9VPY8 		FBgn0031321
Q9Y1B2 		FBgn0023180
Q9VVF7 		FBgn0036713
P16163 		FBgn0003961
Q9VKD3 		FBgn0032393
Q9VKD7 		FBgn0261266
Q9VV96 		FBgn0043577
Q9VTX8 		FBgn0036286
O76908 		FBgn0024977
Q7K0F0 		FBgn0034402
Q02645 		FBgn0263391
Q9VMH0 		FBgn0261697
Q9W265 		FBgn0017482
P54733 		FBgn0010382
Q9W266 		FBgn0034718
Q9W021 		FBgn0035335
Q9VZZ4 		FBgn0011828
P32100 		FBgn0005593
SIF2_DROME 		P91620
BUN2_DROME 		Q24523
Q8IN44 		FBgn0028396
Q7JWR9 		FBgn0033317
Q9VR35 		FBgn0031637
Q8IN41 		FBgn0044810
Q8IN42 		FBgn0044809
Q8IN43 		FBgn0044812
Q9VXY4 		FBgn0030611
Q9VXY7 		FBgn0030608
Q9VXY0 		FBgn0030615
Q9VXY2 		FBgn0030613
Q8T390 		FBgn0038659
Q9VJE4 		FBgn0032634
P36179 		FBgn0260439
Q24547 		FBgn0013343
Q9VVB4 		FBgn0036671
Q9VMV6 		FBgn0031670
Q9VS46 		FBgn0035762
Q9VXK6 		FBgn0030719
Q95ST2 		FBgn0036141
Q9W2Y3 		FBgn0030178
P53624 		FBgn0259170
Q9VHR6 		FBgn0261108
Q9VXK0 		FBgn0030724
Q9VHR8 		FBgn0037580
Q9VUY8 		FBgn0036571
P36951 		FBgn0011770
Q9VLQ1 		FBgn0261020
Q8T4F7 		FBgn0000578
Q7K4V4 		FBgn0011241
MSTAB_DROME 		P83501
Q961C9 		FBgn0050404
Q8INI8 		FBgn0013277
Q9W3C7 		FBgn0030057
Q9W3C2 		FBgn0030061
Q9W3C1 		FBgn0027330
Q9W3C0 		FBgn0030063
P84051 		FBgn0053865
Q9VWV9 		FBgn0004957
Q9VWV8 		FBgn0030915
Q8MQI6 		FBgn0063670
P48613 		FBgn0003710
P48612 		FBgn0011207
P48611 		FBgn0003141
P48610 		FBgn0000116
Q9VPE4 		FBgn0036998
Q9VIF1 		FBgn0032924
Q9W1K0 		FBgn0034902
Q9VIF5 		FBgn0086251
P20232 		FBgn0010422
Q9VKV8 		FBgn0032248
Q9VTJ8 		FBgn0036173
P15372 		FBgn0000120
P15370 		FBgn0000560
Q9VKV5 		FBgn0032250
Q9VB31 		FBgn0039519
Q9VB30 		FBgn0039520
P11929 		FBgn0000228
Q9VYS5 		FBgn0030352
Q9VYS3 		FBgn0030354
Q8MQW8 		FBgn0085443
Q9VM35 		FBgn0031896
LOLA2_DROME 		P42284
Q9W4S1 		FBgn0029662
O96651 		FBgn0026015
Q9VKX4 		FBgn0032236
Q9VKX7 		FBgn0032234
P25157 		FBgn0000384
P25159 		FBgn0003520
P25158 		FBgn0003015
Q9V8P9 		FBgn0267351
Q06943 		FBgn0010228
Q27377 		FBgn0011293
Q9VAL0 		FBgn0040623
Q8IR79 		FBgn0041203
P08953 		FBgn0262473
Q9VWD6 		FBgn0031060
Q9GQN5 		FBgn0039338
Q9VCP1 		FBgn0039065
Q9VCP0 		FBgn0039066
Q9GQN0 		FBgn0053180
P12258 		FBgn0014191
P37193 		FBgn0011769
P0DKM0 		FBgn0261353
Q07171 		FBgn0010225
Q8IRE4 		FBgn0052281
A1Z9A2 		FBgn0033810
Q8IRJ8 		FBgn0035110
Q8I8U7 		FBgn0053554
Q9VGC7 		FBgn0037994
O96863 		FBgn0026136
Q9VUK5 		FBgn0036474
Q9VA27 		FBgn0015032
Q9VRI9 		FBgn0031182
Q8MKW7 		FBgn0028426
Q9W123 		FBgn0035047
Q26377 		FBgn0013767
Q9VUT6 		FBgn0036529
Q24139 		FBgn0010105
Q9XZ63 		FBgn0027095
P40792 		FBgn0010333
P34082 		FBgn0000635
P48987 		FBgn0010433
P49963 		FBgn0015298
Q9VN97 		FBgn0037307
Q9VN95 		FBgn0037305
Q9VN93 		FBgn0260462
Q9W462 		FBgn0029819
Q8MM24 		FBgn0020416
Q9V9A7 		FBgn0042083
P83296 		FBgn0045476
P14954 		FBgn0000277
P83294 		FBgn0045478
P83295 		FBgn0045477
P83293 		FBgn0045479
P00967 		FBgn0000053
Q0E959 		FBgn0083983
Q9VC45 		FBgn0000140
Q9VC44 		FBgn0015591
Q9VYS4 		FBgn0260780
Q95NH6 		FBgn0041579
P28466 		FBgn0010194
Q9VDR1 		FBgn0038760
P28465 		FBgn0004360
Q9VVR2 		FBgn0259791
Q8SWR2 		FBgn0052137
P39770 		FBgn0261648
Q9VVR0 		FBgn0036799
P91657 		FBgn0014019
Q9VYA7 		FBgn0030504
Q9VYA8 		FBgn0030503
Q9VVR1 		FBgn0013717
Q9VFC8 		FBgn0266064
Q9NB04 		FBgn0067864
Q9VPH7 		FBgn0036974
P08171 		FBgn0000592
Q9VPH2 		FBgn0259676
Q9NHA8 		FBgn0040321
Q9VPH0 		FBgn0001259
P08175 		FBgn0002862
P22979 		FBgn0001229
Q9VPH8 		FBgn0036973
P10333 		FBgn0002855
Q9VHB3 		FBgn0037713
P10334 		FBgn0002856
Q10714 		FBgn0012037
P09775 		FBgn0000137
P09774 		FBgn0002561
P91875 		FBgn0019938
P47949 		FBgn0010424
P14318 		FBgn0002789
Q8IPK4 		FBgn0051915
Q7KVA1 		FBgn0015360
Q9VPW8 		FBgn0016926
Q9VNZ8 		FBgn0037116
Q8SY72 		FBgn0053169
Q9NK57 		FBgn0014092
Q9NK54 		FBgn0000307
G39AB_DROME 		P58957
Q9W2D9 		FBgn0034654
Q05856 		FBgn0262601
Q9VSB9 		FBgn0035825
P22745 		FBgn0000158
Q09103 		FBgn0261549
Q9W2D6 		FBgn0027360
Q09101 		FBgn0010114
P28286 		FBgn0263116
P08266 		FBgn0262955
P28285 		FBgn0004168
P98081 		FBgn0000414
P23487 		FBgn0004228
Q24238 		FBgn0016123
Q24239 		FBgn0016762
P61855 		FBgn0004552
P61857 		FBgn0003889
DEC13_DROME 		P18171
Q9VNH1 		FBgn0037368
Q7JVE7 		FBgn0025469
Q9U6Y9 		FBgn0015925
Q9VNH6 		FBgn0266672
Q8MLZ7 		FBgn0020414
Q4V516 		FBgn0083946
Q9V4Q8 		FBgn0033210
Q9XZL8 		FBgn0086370
Q9VWG3 		FBgn0261593
P54631 		FBgn0005590
Q9V9K7 		FBgn0033062
Q5LJZ2 		FBgn0040022
P42124 		FBgn0000629
Q27896 		FBgn0010287
O61345 		FBgn0015527
Q94521 		FBgn0019643
P14785 		FBgn0000404
O16129 		FBgn0275436
P29747 		FBgn0004396
O46341 		FBgn0023130
Q9VM95 		FBgn0031851
Q7K2Y9 		FBgn0034046
Q9VM91 		FBgn0031854
Q24306 		FBgn0260635
P06603 		FBgn0003884
Q27415 		FBgn0016685
Q9VR17 		FBgn0000227
Q9V3C0 		FBgn0015331
Q9V3C1 		FBgn0041174
Q9W0W6 		FBgn0035092
P06601 		FBgn0003145
Q9V3C5 		FBgn0028500
P41900 		FBgn0010421
Q9XYN7 		FBgn0026380
Q6WV16 		FBgn0035375
Q9VU31 		FBgn0036330
O61661 		FBgn0261278
P06604 		FBgn0003886
Q9VTY6 		FBgn0264848
Q7K0E3 		FBgn0259483
P81160 		FBgn0250832
Q24046 		FBgn0015776
Q24040 		FBgn0013753
P23654 		FBgn0004108
Q24049 		FBgn0086782
Q24048 		FBgn0015777
Q9V359 		FBgn0021814
Q9VHA0 		FBgn0003334
Q9W0I6 		FBgn0283500
Q9VU95 		FBgn0036381
A3RLR1 		FBgn0259733
O16011 		FBgn0265487
Q9VIW7 		FBgn0032781
Q8IRR1 		FBgn0052751
Q9VW56 		FBgn0036918
A1Z8J0 		FBgn0033615
Q8IN58 		FBgn0045471
Q9VW51 		FBgn0014037
Q9VCA5 		FBgn0039175
Q9VCA2 		FBgn0019952
P91891 		FBgn0017572
Q9VU70 		FBgn0036359
Q9NGC3 		FBgn0028509
P11449 		FBgn0003979
Q8IRR5 		FBgn0029783
Q9VMU4 		FBgn0261608
Q9VCA8 		FBgn0043884
Q7K3L1 		FBgn0033845
Q9VXL0 		FBgn0030715
Q9VHS8 		FBgn0037573
Q9VHS7 		FBgn0037574
Q9VHS4 		FBgn0037576
Q9VHS2 		FBgn0040529
Q7KBL8 		FBgn0001276
Q9W328 		FBgn0264691
P11046 		FBgn0261800
Q9VX39 		FBgn0030850
Q8MSY4 		FBgn0034380
Q9V4C8 		FBgn0039904
Q9VEK6 		FBgn0038504
Q9V6K1 		FBgn0020370
Q9V6K3 		FBgn0020391
P82890 		FBgn0040077
O62589 		FBgn0000808
Q9VGY6 		FBgn0262717
Q9VI74 		FBgn0037482
Q9VI75 		FBgn0086372
Q9VWQ2 		FBgn0283473
P83949 		FBgn0003944
P12080 		FBgn0001250
Q9W1H4 		FBgn0262619
Q9VIE6 		FBgn0032929
Q9VBP3 		FBgn0027508
Q9VIQ0 		FBgn0032840
Q9VFG8 		FBgn0262127
Q9VH07 		FBgn0040078
Q9VS77 		FBgn0035789
Q9VTK2 		FBgn0003292
Q9VS78 		FBgn0035790
Q9VS79 		FBgn0015033
Q9VH08 		FBgn0037802
Q27367 		FBgn0015924
Q9VB08 		FBgn0003330
Q9VYR0 		FBgn0030364
Q9VG58 		FBgn0051354
Q7K486 		FBgn0034315
Q9W1V6 		FBgn0261363
Q9VG55 		FBgn0028374
Q9W1V3 		FBgn0003062
Q27368 		FBgn0011766
P20905 		FBgn0004573
Q9VQS7 		FBgn0004892
Q9VTE0 		FBgn0036118
Q9VTE2 		FBgn0025355
P25167 		FBgn0004463
Q9VTE9 		FBgn0261112
P25161 		FBgn0261396
P25162 		FBgn0004118
Q9VAU9 		FBgn0026400
Q9VAC8 		FBgn0039731
P83869 		FBgn0067905
P17133 		FBgn0016978
Q9VH89 		FBgn0278604
Q9VY77 		FBgn0030530
O16797 		FBgn0020910
Q06003 		FBgn0004919
Q24558 		FBgn0015553
P48159 		FBgn0010078
Q9VCS8 		FBgn0039034
Q9VCS9 		FBgn0039033
Q95RR8 		FBgn0035397
P36188 		FBgn0283471
P51406 		FBgn0010292
Q9VZM5 		FBgn0035464
Q24145 		FBgn0015295
PNT2_DROME 		P51023
PDE4E_DROME 		Q8IRU4
Q8IRB5 		FBgn0052251
P18824 		FBgn0000117
P29413 		FBgn0005585
P18537 		FBgn0001085
P05049 		FBgn0003450
Q7PLI7 		FBgn0261387
Q9VA12 		FBgn0261395
P16548 		FBgn0002863
Q0KIA2 		FBgn0037623
P40417 		FBgn0003256
P07701 		FBgn0003375
O44783 		FBgn0014388
Q26307 		FBgn0011746
Q9VX09 		FBgn0030877
O76767 		FBgn0267330
Q9Y169 		FBgn0029175
Q9W3V8 		FBgn0029906
P91621 		FBgn0085447
A8DYH2 		FBgn0085220
Q7JZB4 		FBgn0037279
P84249 		FBgn0004828
FUR1C_DROME 		P30430
Q86BA1 		FBgn0053208
Q9VUA0 		FBgn0036386
O01382 		FBgn0019972
Q9VLN1 		FBgn0032030
P35875 		FBgn0010247
Q8SYS7 		FBgn0262115
Q9VUN0 		FBgn0036494
Q868Z9 		FBgn0003137
Q9VP65 		FBgn0037061
Q00637 		FBgn0010213
Q9U4F3 		FBgn0029117
Q26416 		FBgn0014454
Q9VDS6 		FBgn0038746
Q9VDS5 		FBgn0038747
Q9V8R9 		FBgn0010434
Q9VP61 		FBgn0012034
M9NEY8 		FBgn0263392
Q8I8V0 		FBgn0037555
Q9U3Z7 		FBgn0015393
P39769 		FBgn0004861
Q960N3 		FBgn0000351
P91664 		FBgn0017578
Q9VRG7 		FBgn0029067
P91660 		FBgn0010549
P49028 		FBgn0002736
Q9V3P0 		FBgn0040309
Q9VPI2 		FBgn0031209
Q9NHB0 		FBgn0040323
P49021 		FBgn0014396
P39018 		FBgn0010412
Q9GYV5 		FBgn0041205
Q9V5L3 		FBgn0033524
Q9VGB5 		FBgn0038005
P23128 		FBgn0004419
Q9W4D2 		FBgn0014024
Q95UN8 		FBgn0030018
Q00748 		FBgn0004513
Q9GYV9 		FBgn0051390
Q8SY61 		FBgn0034470
Q86NP2 		FBgn0038872
Q9VM46 		FBgn0266666
P32870 		FBgn0003301
P08761 		FBgn0000565
P29673 		FBgn0267978
P21461 		FBgn0003410
Q9W4T4 		FBgn0000479
Q9V7H4 		FBgn0034060
Q9NIV1 		FBgn0037327
Q9NIV2 		FBgn0044817
Q7KV23 		FBgn0053247
Q7KV22 		FBgn0053246
O46227 		FBgn0267327
O77475 		FBgn0025335
Q9VNI3 		FBgn0037377
Q8T8L8 		FBgn0052076
A1ZBE8 		FBgn0034400
P12881 		FBgn0250843
Q9VLJ8 		FBgn0032054
P61849 		FBgn0011581
Q8MT06 		FBgn0038473
Q9TVQ5 		FBgn0028683
P20028 		FBgn0003278
Q05913 		FBgn0010282
P21519 		FBgn0002643
Q8MT08 		FBgn0029667
P54623 		FBgn0013765
P54622 		FBgn0010438
Q9VLZ7 		FBgn0031925
Q9VGN9 		FBgn0037899
P82711 		FBgn0033979
P82712 		FBgn0050489
P82713 		FBgn0041337
Q9VZS5 		FBgn0035422
Q9V9J3 		FBgn0264959
Q9VZS6 		FBgn0035421
P52486 		FBgn0015321
O18404 		FBgn0021765
Q27889 		FBgn0011826
P50887 		FBgn0015288
O18400 		FBgn0020912
Q7KW14 		FBgn0023531
P48375 		FBgn0013954
O18408 		FBgn0020506
Q9XYQ2 		FBgn0025549
Q24319 		FBgn0014868
Q24318 		FBgn0011763
Q24317 		FBgn0011762
Q27421 		FBgn0003016
Q24314 		FBgn0000482
P22293 		FBgn0003575
Q24312 		FBgn0005427
Q24311 		FBgn0015509
Q9W0V1 		FBgn0020386
Q9VD92 		FBgn0038893
Q9W0V7 		FBgn0052475
Q9V3B7 		FBgn0033327
Q9V3B6 		FBgn0040235
Q9V3B4 		FBgn0038928
Q8SXQ7 		FBgn0035977
Q23989 		FBgn0003187
Q95TN4 		FBgn0032258
Q9VTZ6 		FBgn0036300
P41596 		FBgn0011582
P04657 		FBgn0086907
Q9V895 		FBgn0034282
PDE4B_DROME 		P12252
P14484 		FBgn0003046
Q9VVR9 		FBgn0036806
Q9VVR6 		FBgn0036804
Q9VVR4 		FBgn0040322
Q24039 		FBgn0013755
P23647 		FBgn0001079
P23645 		FBgn0000180
Q9VXF1 		FBgn0267912
P0CG69 		FBgn0003943
Q9VHB6 		FBgn0037710
P05709 		FBgn0004666
Q9VHB9 		FBgn0037708
P41572 		FBgn0004654
Q9V345 		FBgn0027054
Q9VC99 		FBgn0263398
Q9VU84 		FBgn0036372
Q9VQM4 		FBgn0260817
Q9VR19 		FBgn0031621
Q9VJZ7 		FBgn0022069
Q9VFD5 		FBgn0038286
Q9VW47 		FBgn0001324
Q9VEN1 		FBgn0014141
Q9VXE6 		FBgn0061200
Q9VW43 		FBgn0036910
Q9VU65 		FBgn0036354
Q9W517 		FBgn0004655
P36975 		FBgn0011288
Q7KNA0 		FBgn0027607
P33450 		FBgn0001075
P11455 		FBgn0003683
Q9VU68 		FBgn0260049
P11450 		FBgn0000644
Q9W334 		FBgn0030136
Q9W332 		FBgn0052702
Q9VDV3 		FBgn0038722
Q8I7Z8 		FBgn0045852
Q9V439 		FBgn0040339
Q9VHT4 		FBgn0265351
Q8MSX1 		FBgn0004875
Q8MSX2 		FBgn0024330
P04814 		FBgn0003863
Q9VH14 		FBgn0025879
Q9VQS6 		FBgn0024244
Q9UAS6 		FBgn0026309
Q9V4L4 		FBgn0040513
Q9VQS5 		FBgn0031550
Q24142 		FBgn0015239
Q24143 		FBgn0015240
Q24141 		FBgn0002715
Q9V6H1 		FBgn0033775
Q9V6H2 		FBgn0028963
P14773 		FBgn0263782
Q9V8M5 		FBgn0034390
P05812 		FBgn0001227
Q9VI60 		FBgn0040670
Q9VGX3 		FBgn0020439
Q9V460 		FBgn0040273
Q9VWP4 		FBgn0030966
Q9NBD7 		FBgn0021760
O77277 		FBgn0025615
Q9W1I2 		FBgn0004581
Q95RN0 		FBgn0038013
P16320 		FBgn0044029
P46415 		FBgn0011768
Q9W1I9 		FBgn0003401
Q7Z020 		FBgn0035934
P49762 		FBgn0265998
Q9VEI9 		FBgn0264005
Q24498 		FBgn0011286
O76460 		FBgn0002989
Q9VKH6 		FBgn0032358
Q95TN1 		FBgn0032204
Q9VKH0 		FBgn0032361
P62152 		FBgn0000253
P00850 		FBgn0013672
Q24491 		FBgn0011305
P51521 		FBgn0003028
Q8T3X9 		FBgn0026666
Q9VTT9 		FBgn0046296
Q9VMT6 		FBgn0031688
Q9VMT5 		FBgn0031689
Q9VS60 		FBgn0052380
Q8T0D4 		FBgn0028980
P09957 		FBgn0004034
P09956 		FBgn0004050
Q9VH19 		FBgn0086359
P30432 		FBgn0004598
O01346 		FBgn0001404
